CREATE USER SA PASSWORD "" ADMIN
/*C1*/SET SCHEMA PUBLIC
CONNECT USER SA
CREATE TABLE Adjectives ( English VARCHAR, Swahili VARCHAR)
INSERT INTO ADJECTIVES VALUES('beautiful','%arembo')
INSERT INTO ADJECTIVES VALUES('good','%azuri')
INSERT INTO ADJECTIVES VALUES('good','%Aema')
INSERT INTO ADJECTIVES VALUES('nice','%azuri')
INSERT INTO ADJECTIVES VALUES('happy','%Aema')
INSERT INTO ADJECTIVES VALUES('pretty','%arembo')
INSERT INTO ADJECTIVES VALUES('bad','%abaya')
INSERT INTO ADJECTIVES VALUES('raw','%abichi')
INSERT INTO ADJECTIVES VALUES('unripe','%abichi')
INSERT INTO ADJECTIVES VALUES('uncooked','%abichi')
INSERT INTO ADJECTIVES VALUES('rotten','%abovu')
INSERT INTO ADJECTIVES VALUES('unhealthy','%abovu')
INSERT INTO ADJECTIVES VALUES('few','%achache')
INSERT INTO ADJECTIVES VALUES('obscene','%achafu')
INSERT INTO ADJECTIVES VALUES('dirty','%achafu')
INSERT INTO ADJECTIVES VALUES('unclean','%achafu')
INSERT INTO ADJECTIVES VALUES('bitter','%achungu')
INSERT INTO ADJECTIVES VALUES('sour','%achungu')
INSERT INTO ADJECTIVES VALUES('small','%adogo')
INSERT INTO ADJECTIVES VALUES('younger','%adogo')
INSERT INTO ADJECTIVES VALUES('insignificant','%adogo')
INSERT INTO ADJECTIVES VALUES('old','%akongwe')
INSERT INTO ADJECTIVES VALUES('red','%aekundu')
INSERT INTO ADJECTIVES VALUES('lovely','%azuri')
INSERT INTO ADJECTIVES VALUES('cute','%azuri')
INSERT INTO ADJECTIVES VALUES('attractive','%azuri')
INSERT INTO ADJECTIVES VALUES('big','%akubwa')
INSERT INTO ADJECTIVES VALUES('a lot','%aingi')
INSERT INTO ADJECTIVES VALUES('a lot of','%aingi')
INSERT INTO ADJECTIVES VALUES('many','%aingi')
INSERT INTO ADJECTIVES VALUES('a few','%achache')
INSERT INTO ADJECTIVES VALUES('a few of','%achache')
INSERT INTO ADJECTIVES VALUES('some','%achache')
INSERT INTO ADJECTIVES VALUES('tall','%arefu')
INSERT INTO ADJECTIVES VALUES('short','%afupi')
INSERT INTO ADJECTIVES VALUES('old','%azee')
INSERT INTO ADJECTIVES VALUES('new','%apya')
INSERT INTO ADJECTIVES VALUES('young','%achanga')
INSERT INTO ADJECTIVES VALUES('few','%ahaba')
INSERT INTO ADJECTIVES VALUES('plenty','%atele')
INSERT INTO ADJECTIVES VALUES('black','%aeusi')
INSERT INTO ADJECTIVES VALUES('blue','bluu')
INSERT INTO ADJECTIVES VALUES('brown','hudhurungi')
INSERT INTO ADJECTIVES VALUES('gray','kijivu')
CREATE TABLE AgreementChart ( Class SMALLINT, AdjPrefix1 VARCHAR, AdjPrefix2 VARCHAR, VerbPrefix VARCHAR, VerbNegPrefix VARCHAR, ObjectInfix VARCHAR, Of VARCHAR, PossessivePrefix VARCHAR, Demo1 VARCHAR, Demo2 VARCHAR, Demo3 VARCHAR, Which VARCHAR, AnyQuantifier VARCHAR, AllQuantifier VARCHAR, Possession VARCHAR)
INSERT INTO AGREEMENTCHART VALUES(0,'','','','','','','','','','','','','','')
INSERT INTO AGREEMENTCHART VALUES(1,'m','mw','a','ha','m','wa','w','huyu','huyo','yule','yupi','ye','yote','mwenye')
INSERT INTO AGREEMENTCHART VALUES(1,'m','mw','ni','si','ni','wa','w','huyu','huyo','yule','yupi','ye','yote','mwenye')
INSERT INTO AGREEMENTCHART VALUES(1,'m','mw','u','hu','ku','wa','w','huyu','huyo','yule','yupi','ye','yote','mwenye')
INSERT INTO AGREEMENTCHART VALUES(1,'m','mw','a','ha','m','wa','w','huyu','huyo','yule','yupi','ye','yote','mwenye')
INSERT INTO AGREEMENTCHART VALUES(2,'wa','w','wa','hawa','wa','wa','w','hawa','hao','wale','wepi','wo','wote','wenye')
INSERT INTO AGREEMENTCHART VALUES(2,'wa','w','tu','hatu','tu','wa','w','hawa','hao','wale','wepi','o','sote','wenye')
INSERT INTO AGREEMENTCHART VALUES(2,'wa','w','m','ham','m','wa','w','hawa','hao','wale','wepi','o','nyote','wenye')
INSERT INTO AGREEMENTCHART VALUES(2,'wa','w','wa','hawa','wa','wa','w','hawa','hao','wale','wepi','o','wote','wenye')
INSERT INTO AGREEMENTCHART VALUES(3,'m','mw','u','hau','u','wa','w','huu','huo','ule','upi','o','wote','wenye')
INSERT INTO AGREEMENTCHART VALUES(4,'mi','my','i','hai','i','ya','y','hii','hiyo','ile','ipi','yo','yote','yenye')
INSERT INTO AGREEMENTCHART VALUES(5,'','','li','hali','li','la','l','hili','hilo','lile','lipi','lo','lote','lenye')
INSERT INTO AGREEMENTCHART VALUES(6,'ma','m','ya','haya','ya','ya','y','haya','hayo','yale','yapi','yo','yote','yenye')
INSERT INTO AGREEMENTCHART VALUES(7,'ki','ch','ki','haki','ki','cha','ch','hiki','hicho','kile','kipi','cho','chote','chenye')
INSERT INTO AGREEMENTCHART VALUES(8,'vi','vy','vi','havi','vi','vya','vy','hivi','hivyo','vile','vipi','vyo','vyote','vyenye')
INSERT INTO AGREEMENTCHART VALUES(9,'n','nj','i','hai','i','ya','y','hii','hiyo','ile','ipi','yo','yote','yenye')
INSERT INTO AGREEMENTCHART VALUES(10,'n','n','zi','hazi','zi','za','z','hizi','hizo','zile','zipi','zo','zote','zenye')
INSERT INTO AGREEMENTCHART VALUES(11,'pa','p','pa','hapa','pa','pa','p','hapa','hapo','pale','','po','pote','penye')
INSERT INTO AGREEMENTCHART VALUES(12,'ku','kw','ku','haku','ku','kwa','kw','huku','huko','kule','','ko','kote','kwenye')
INSERT INTO AGREEMENTCHART VALUES(13,'m','m','m','ham','m','mwa','mw','humu','humo','mle','','mo','mwote','mwenye')
INSERT INTO AGREEMENTCHART VALUES(14,'m','m','u','hau','u','wa','w','huu','huo','ule','upi','o','wote','wenye')
INSERT INTO AGREEMENTCHART VALUES(15,'ku','kw','ku','haku','ku','kwa','kw','huku','huko','kule','kupi','ko','kote','kwenye')
CREATE TABLE Conjunctions ( English VARCHAR, Swahili VARCHAR)
INSERT INTO CONJUNCTIONS VALUES('and','na')
INSERT INTO CONJUNCTIONS VALUES('but','lakini')
INSERT INTO CONJUNCTIONS VALUES('or','au')
INSERT INTO CONJUNCTIONS VALUES('nor','nor')
INSERT INTO CONJUNCTIONS VALUES('for','for')
INSERT INTO CONJUNCTIONS VALUES('so','so')
INSERT INTO CONJUNCTIONS VALUES('yet','yet')
CREATE TABLE Contractions ( Contraction VARCHAR, Uncontracted VARCHAR)
INSERT INTO CONTRACTIONS VALUES('let''s','let us')
INSERT INTO CONTRACTIONS VALUES('i''m','i am')
INSERT INTO CONTRACTIONS VALUES('i''ll','i will')
INSERT INTO CONTRACTIONS VALUES('i''d','i would')
INSERT INTO CONTRACTIONS VALUES('i''ve','i have')
INSERT INTO CONTRACTIONS VALUES('you''re','you are')
INSERT INTO CONTRACTIONS VALUES('you''ll','you will')
INSERT INTO CONTRACTIONS VALUES('you''d','you would')
INSERT INTO CONTRACTIONS VALUES('you''ve','you have')
INSERT INTO CONTRACTIONS VALUES('he''s','he is')
INSERT INTO CONTRACTIONS VALUES('she''s','she is')
INSERT INTO CONTRACTIONS VALUES('he''ll','he will')
INSERT INTO CONTRACTIONS VALUES('she''ll','she will')
INSERT INTO CONTRACTIONS VALUES('he''d','he would')
INSERT INTO CONTRACTIONS VALUES('she''d','she would')
INSERT INTO CONTRACTIONS VALUES('she''s','she is')
INSERT INTO CONTRACTIONS VALUES('he''s','he is')
INSERT INTO CONTRACTIONS VALUES('it''s','it is')
INSERT INTO CONTRACTIONS VALUES('it''ll','it will')
INSERT INTO CONTRACTIONS VALUES('it''d','it would')
INSERT INTO CONTRACTIONS VALUES('we''re','we are')
INSERT INTO CONTRACTIONS VALUES('we''ll','we will')
INSERT INTO CONTRACTIONS VALUES('we''d','we would')
INSERT INTO CONTRACTIONS VALUES('we''ve','we have')
INSERT INTO CONTRACTIONS VALUES('they''re','they are')
INSERT INTO CONTRACTIONS VALUES('they''ll','they will')
INSERT INTO CONTRACTIONS VALUES('they''d','they would')
INSERT INTO CONTRACTIONS VALUES('they''ve','they have')
INSERT INTO CONTRACTIONS VALUES('there''s','there is')
INSERT INTO CONTRACTIONS VALUES('there''ll','there will')
INSERT INTO CONTRACTIONS VALUES('there''d','there would')
INSERT INTO CONTRACTIONS VALUES('that''s','that is')
INSERT INTO CONTRACTIONS VALUES('that''ll','that will')
INSERT INTO CONTRACTIONS VALUES('that''d','that would')
INSERT INTO CONTRACTIONS VALUES('doesn''t','does not')
INSERT INTO CONTRACTIONS VALUES('isn''t','is not')
INSERT INTO CONTRACTIONS VALUES('needn''t','need not')
INSERT INTO CONTRACTIONS VALUES('wasn''t','was not')
INSERT INTO CONTRACTIONS VALUES('weren''t','were not')
INSERT INTO CONTRACTIONS VALUES('won''t','will not')
INSERT INTO CONTRACTIONS VALUES('didn''t','did not')
INSERT INTO CONTRACTIONS VALUES('aren''t','are not')
INSERT INTO CONTRACTIONS VALUES('should''ve','should have')
INSERT INTO CONTRACTIONS VALUES('could''ve','could have')
INSERT INTO CONTRACTIONS VALUES('would''ve','would have')
INSERT INTO CONTRACTIONS VALUES('shouldn''t','should not')
INSERT INTO CONTRACTIONS VALUES('couldn''t','could not')
INSERT INTO CONTRACTIONS VALUES('wouldn''t','would not')
INSERT INTO CONTRACTIONS VALUES('don''t','do not')
INSERT INTO CONTRACTIONS VALUES('musn''t','must not')
INSERT INTO CONTRACTIONS VALUES('mustn''t','must not')
INSERT INTO CONTRACTIONS VALUES('haven''t','have not')
INSERT INTO CONTRACTIONS VALUES('hadn''t','had not')
INSERT INTO CONTRACTIONS VALUES('hasn''t','has not')
INSERT INTO CONTRACTIONS VALUES('can''t','cannot')
INSERT INTO CONTRACTIONS VALUES('shan''t','shall not')
CREATE TABLE DirectSentenceTranslations ( English VARCHAR, Swahili VARCHAR)
INSERT INTO DIRECTSENTENCETRANSLATIONS VALUES('how about you ?','na wewe je ?')
INSERT INTO DIRECTSENTENCETRANSLATIONS VALUES('how are you ?','u hali gani ?')
INSERT INTO DIRECTSENTENCETRANSLATIONS VALUES('how are things ?','habari gani ?')
INSERT INTO DIRECTSENTENCETRANSLATIONS VALUES('how are you doing ?','hujambo ?')
INSERT INTO DIRECTSENTENCETRANSLATIONS VALUES('goodbye','kwaheri')
INSERT INTO DIRECTSENTENCETRANSLATIONS VALUES('thank you','asante')
INSERT INTO DIRECTSENTENCETRANSLATIONS VALUES('thank you very much','asante sana')
INSERT INTO DIRECTSENTENCETRANSLATIONS VALUES('see you later','tutaonana baadaye')
INSERT INTO DIRECTSENTENCETRANSLATIONS VALUES('what is up ?','vipi ?')
INSERT INTO DIRECTSENTENCETRANSLATIONS VALUES('good morning','habari za asubuhi')
INSERT INTO DIRECTSENTENCETRANSLATIONS VALUES('good evening','habari za leo')
CREATE TABLE Infinitives ( English VARCHAR, Swahili VARCHAR, PastTense VARCHAR, PastParticiple VARCHAR)
INSERT INTO INFINITIVES VALUES('arise','nyanyuka','arose','arisen')
INSERT INTO INFINITIVES VALUES('advise','shauri','advised','advised')
INSERT INTO INFINITIVES VALUES('arrive','fika','arrived','arrived')
INSERT INTO INFINITIVES VALUES('wake','amka','woke','woken')
INSERT INTO INFINITIVES VALUES('be','kuwa','was','been')
INSERT INTO INFINITIVES VALUES('be','kuwa','were','been')
INSERT INTO INFINITIVES VALUES('be able','weza','was able','been able')
INSERT INTO INFINITIVES VALUES('beat','piga','beat','beaten')
INSERT INTO INFINITIVES VALUES('become','kuwa','became','become')
INSERT INTO INFINITIVES VALUES('begin','anza','began','begun')
INSERT INTO INFINITIVES VALUES('bend','pinda','bent','bent')
INSERT INTO INFINITIVES VALUES('bet','weka sharti','bet','bet')
INSERT INTO INFINITIVES VALUES('bet','weka sharti','betted','betted')
INSERT INTO INFINITIVES VALUES('bid','zabuni','bid','bid')
INSERT INTO INFINITIVES VALUES('bind','funga','bound','bound')
INSERT INTO INFINITIVES VALUES('bite','tafuna','bit','bitten')
INSERT INTO INFINITIVES VALUES('blow','vuma','blew','blown')
INSERT INTO INFINITIVES VALUES('break','vunja','broke','broken')
INSERT INTO INFINITIVES VALUES('breed','zalisha','bred','bred')
INSERT INTO INFINITIVES VALUES('bring','leta','brought','brought')
INSERT INTO INFINITIVES VALUES('build','jenga','built','built')
INSERT INTO INFINITIVES VALUES('burn','choma','burned','burned')
INSERT INTO INFINITIVES VALUES('burn','choma','burnt','burnt')
INSERT INTO INFINITIVES VALUES('burst','pasuka','burst','burst')
INSERT INTO INFINITIVES VALUES('buy','nunua','bought','bought')
INSERT INTO INFINITIVES VALUES('cast','tupa','cast','cast')
INSERT INTO INFINITIVES VALUES('catch','daka','caught','caught')
INSERT INTO INFINITIVES VALUES('cough','kohoa','coughed','coughed')
INSERT INTO INFINITIVES VALUES('choose','chagua','chose','chosen')
INSERT INTO INFINITIVES VALUES('clean','safisha','cleaned','cleaned')
INSERT INTO INFINITIVES VALUES('cling','ng''ang''ania','clung','clung')
INSERT INTO INFINITIVES VALUES('come','kuja','came','come')
INSERT INTO INFINITIVES VALUES('cost','gharimu','cost','cost')
INSERT INTO INFINITIVES VALUES('creep','nyatia','crept','crept')
INSERT INTO INFINITIVES VALUES('cut','kata','cut','cut')
INSERT INTO INFINITIVES VALUES('deal','gawa','dealt','dealt')
INSERT INTO INFINITIVES VALUES('detain','kamata','detained','detained')
INSERT INTO INFINITIVES VALUES('dig','chimba','dug','dug')
INSERT INTO INFINITIVES VALUES('dive','piga mbizi','dived','dived')
INSERT INTO INFINITIVES VALUES('dive','piga mbizi','dove','dived')
INSERT INTO INFINITIVES VALUES('do','fanya','did','done')
INSERT INTO INFINITIVES VALUES('draw','chora','drew','drawn')
INSERT INTO INFINITIVES VALUES('dream','ota','dreamt','dreamt')
INSERT INTO INFINITIVES VALUES('dream','ota','dreamed','dreamed')
INSERT INTO INFINITIVES VALUES('drink','nywa','drank','drunk')
INSERT INTO INFINITIVES VALUES('drive','endesha','drove','driven')
INSERT INTO INFINITIVES VALUES('dwell','ishi','dwelt','dwelt')
INSERT INTO INFINITIVES VALUES('dwell','ishi','dwelled','dwelled')
INSERT INTO INFINITIVES VALUES('eat','kula','ate','eaten')
INSERT INTO INFINITIVES VALUES('fall','anguka','fell','fallen')
INSERT INTO INFINITIVES VALUES('feed','lisha','fed','fed')
INSERT INTO INFINITIVES VALUES('feel','hisi','felt','felt')
INSERT INTO INFINITIVES VALUES('fight','pigana','fought','fought')
INSERT INTO INFINITIVES VALUES('find','tafuta','found','found')
INSERT INTO INFINITIVES VALUES('flee','kimbia','fled','fled')
INSERT INTO INFINITIVES VALUES('fling','rusha','flung','flung')
INSERT INTO INFINITIVES VALUES('fly','ruka','flew','flown')
INSERT INTO INFINITIVES VALUES('forbid','kataza','forbade','forbidden')
INSERT INTO INFINITIVES VALUES('forecast','tabiri','forecast','forecast')
INSERT INTO INFINITIVES VALUES('forget','sahau','forgot','forgotten')
INSERT INTO INFINITIVES VALUES('freeze','gandisha wa baridi','froze','frozen')
INSERT INTO INFINITIVES VALUES('get','pata','got','got')
INSERT INTO INFINITIVES VALUES('give','toa','gave','given')
INSERT INTO INFINITIVES VALUES('go','enda','went','gone')
INSERT INTO INFINITIVES VALUES('grind','saga','ground','ground')
INSERT INTO INFINITIVES VALUES('grow','ota','grew','grown')
INSERT INTO INFINITIVES VALUES('hang','angika','hung','hung')
INSERT INTO INFINITIVES VALUES('hang','angika','hanged','hanged')
INSERT INTO INFINITIVES VALUES('hear','sikia','heard','heard')
INSERT INTO INFINITIVES VALUES('hide','ficha','hid','hidden')
INSERT INTO INFINITIVES VALUES('hit','piga','hit','hit')
INSERT INTO INFINITIVES VALUES('hold','shika','held','held')
INSERT INTO INFINITIVES VALUES('hurt','umiza','hurt','hurt')
INSERT INTO INFINITIVES VALUES('input','andikisha','input','input')
INSERT INTO INFINITIVES VALUES('keep','weka','kept','kept')
INSERT INTO INFINITIVES VALUES('kneel','piga magoti','knelt','knelt')
INSERT INTO INFINITIVES VALUES('kneel','piga magoti','kneeled','kneeled')
INSERT INTO INFINITIVES VALUES('know','jua','knew','known')
INSERT INTO INFINITIVES VALUES('lay','laza','laid','laid')
INSERT INTO INFINITIVES VALUES('lead','ongoza','led','led')
INSERT INTO INFINITIVES VALUES('lean','tegemea','leant','leant')
INSERT INTO INFINITIVES VALUES('lean','tegemea','leaned','leaned')
INSERT INTO INFINITIVES VALUES('leap','chupa','leapt','leapt')
INSERT INTO INFINITIVES VALUES('leap','chupa','leaped','leaped')
INSERT INTO INFINITIVES VALUES('learn','jifunza','learnt','learnt')
INSERT INTO INFINITIVES VALUES('learn','jifunza','learned','learned')
INSERT INTO INFINITIVES VALUES('leave','ondoka','left','left')
INSERT INTO INFINITIVES VALUES('lend','azima','lent','lent')
INSERT INTO INFINITIVES VALUES('let','acha','let','let')
INSERT INTO INFINITIVES VALUES('lie','jinyosha','lay','lain')
INSERT INTO INFINITIVES VALUES('like','penda','liked','liked')
INSERT INTO INFINITIVES VALUES('light','washa','lit','lit')
INSERT INTO INFINITIVES VALUES('light','washa','lighted','lighted')
INSERT INTO INFINITIVES VALUES('look at','angalia','looked at','looked at')
INSERT INTO INFINITIVES VALUES('love','penda','loved','loved')
INSERT INTO INFINITIVES VALUES('lose','poteza','lost','lost')
INSERT INTO INFINITIVES VALUES('make','fanya','made','made')
INSERT INTO INFINITIVES VALUES('mean','wa na maana','meant','meant')
INSERT INTO INFINITIVES VALUES('meet','kutana','met','met')
INSERT INTO INFINITIVES VALUES('misunderstand','elewa vibaya','misunderstood','misunderstood')
INSERT INTO INFINITIVES VALUES('mow','kata majani','mowed','mowed')
INSERT INTO INFINITIVES VALUES('mow','kata majani','mowed','mown')
INSERT INTO INFINITIVES VALUES('overtake','kuta','overtook','overtaken')
INSERT INTO INFINITIVES VALUES('overthrow','pindua','overthrew','overthrown')
INSERT INTO INFINITIVES VALUES('pay','lipa','paid','paid')
INSERT INTO INFINITIVES VALUES('place','kuweka','placed','placed')
INSERT INTO INFINITIVES VALUES('play','cheza','played','played')
INSERT INTO INFINITIVES VALUES('prove','hakikisha','proved','proved')
INSERT INTO INFINITIVES VALUES('prove','hakikisha','proved','proven')
INSERT INTO INFINITIVES VALUES('put','tia','put','put')
INSERT INTO INFINITIVES VALUES('quit','acha','quit','quit')
INSERT INTO INFINITIVES VALUES('quit','acha','quitted','quitted')
INSERT INTO INFINITIVES VALUES('read','soma','read','read')
INSERT INTO INFINITIVES VALUES('rend','tatua','rent','rent')
INSERT INTO INFINITIVES VALUES('rid','tupa','rid','rid')
INSERT INTO INFINITIVES VALUES('ride','panda','rode','ridden')
INSERT INTO INFINITIVES VALUES('ring','piga kengele','rang','rung')
INSERT INTO INFINITIVES VALUES('rise','inuka','rose','risen')
INSERT INTO INFINITIVES VALUES('run','kimbia','ran','run')
INSERT INTO INFINITIVES VALUES('saw','kata kwa msumeno','sawed','sawn')
INSERT INTO INFINITIVES VALUES('saw','kata kwa msumeno','sawed','sawed')
INSERT INTO INFINITIVES VALUES('say','sema','said','said')
INSERT INTO INFINITIVES VALUES('see','ona','saw','seen')
INSERT INTO INFINITIVES VALUES('seek','tafuta','sought','sought')
INSERT INTO INFINITIVES VALUES('sell','uza','sold','sold')
INSERT INTO INFINITIVES VALUES('send','peleka','sent','sent')
INSERT INTO INFINITIVES VALUES('set','weka','set','set')
INSERT INTO INFINITIVES VALUES('sew','shona','sewed','sewn')
INSERT INTO INFINITIVES VALUES('sew','shona','sewed','sewed')
INSERT INTO INFINITIVES VALUES('shake','tikisa','shook','shaken')
INSERT INTO INFINITIVES VALUES('shed','toa','shed','shed')
INSERT INTO INFINITIVES VALUES('shear','nyoa','sheared','shorn')
INSERT INTO INFINITIVES VALUES('shear','nyoa','sheared','sheared')
INSERT INTO INFINITIVES VALUES('shine','ng''aa','shone','shone')
INSERT INTO INFINITIVES VALUES('shoot','piga bunduki','shot','shot')
INSERT INTO INFINITIVES VALUES('show','onyesha','showed','shown')
INSERT INTO INFINITIVES VALUES('show','onyesha','showed','showed')
INSERT INTO INFINITIVES VALUES('shrink','nyonyea','shrank','shrunk')
INSERT INTO INFINITIVES VALUES('shrink','nyonyea','shrunk','shrunk')
INSERT INTO INFINITIVES VALUES('shut','funga','shut','shut')
INSERT INTO INFINITIVES VALUES('sing','imba','sang','sung')
INSERT INTO INFINITIVES VALUES('sink','zama','sank','sunk')
INSERT INTO INFINITIVES VALUES('sit','kaa','sat','sat')
INSERT INTO INFINITIVES VALUES('sleep','lala usingizi','slept','slept')
INSERT INTO INFINITIVES VALUES('slide','nyiririka','slit','slit')
INSERT INTO INFINITIVES VALUES('sling','rusha','slung','slung')
INSERT INTO INFINITIVES VALUES('slit','pasua','slit','slit')
INSERT INTO INFINITIVES VALUES('smell','nusa','smelt','smelt')
INSERT INTO INFINITIVES VALUES('smell','nusa','smelled','smelled')
INSERT INTO INFINITIVES VALUES('sow','weka mbegu','sowed','sowed')
INSERT INTO INFINITIVES VALUES('sow','weka mbegu','sowed','sown')
INSERT INTO INFINITIVES VALUES('speak','sema','spoke','spoken')
INSERT INTO INFINITIVES VALUES('speak','ongea','spoke','spoken')
INSERT INTO INFINITIVES VALUES('speed','harakisha','sped','speeded')
INSERT INTO INFINITIVES VALUES('speed','harakisha','speeded','sped')
INSERT INTO INFINITIVES VALUES('spell','endeleza herufi','spelt','spelt')
INSERT INTO INFINITIVES VALUES('spell','endeleza herufi','spelled','spelled')
INSERT INTO INFINITIVES VALUES('spend','tumia','spent','spent')
INSERT INTO INFINITIVES VALUES('spill','mwaga','spilt','spilt')
INSERT INTO INFINITIVES VALUES('spill','mwaga','spilled','spilled')
INSERT INTO INFINITIVES VALUES('spin','zunguka','spun','spun')
INSERT INTO INFINITIVES VALUES('spit','tema','spat','spat')
INSERT INTO INFINITIVES VALUES('spit','tema','spit','spit')
INSERT INTO INFINITIVES VALUES('split','pasua','split','split')
INSERT INTO INFINITIVES VALUES('spoil','haribu','spoilt','spoilt')
INSERT INTO INFINITIVES VALUES('spoil','haribu','spoiled','spoiled')
INSERT INTO INFINITIVES VALUES('spread','eneza','spread','spread')
INSERT INTO INFINITIVES VALUES('spring','ruka','sprang','sprung')
INSERT INTO INFINITIVES VALUES('stand','simama','stood','stood')
INSERT INTO INFINITIVES VALUES('steal','iba','stole','stolen')
INSERT INTO INFINITIVES VALUES('stick','ganda','stuck','stuck')
INSERT INTO INFINITIVES VALUES('sting','uma','stung','stung')
INSERT INTO INFINITIVES VALUES('stink','nuka','stank','stunk')
INSERT INTO INFINITIVES VALUES('stink','nuka','stunk','stunk')
INSERT INTO INFINITIVES VALUES('study','soma','studied','studied')
INSERT INTO INFINITIVES VALUES('strike','piga','struck','struck')
INSERT INTO INFINITIVES VALUES('strive','jitahidi','strove','striven')
INSERT INTO INFINITIVES VALUES('swear','apa','swore','sworn')
INSERT INTO INFINITIVES VALUES('sweep','fagia','swept','swept')
INSERT INTO INFINITIVES VALUES('swell','vimba','swelled','swollen')
INSERT INTO INFINITIVES VALUES('swell','vimba','swelled','swelled')
INSERT INTO INFINITIVES VALUES('swim','ogolea','swam','swum')
INSERT INTO INFINITIVES VALUES('swing','pembea','swung','swung')
INSERT INTO INFINITIVES VALUES('take','chukua','took','taken')
INSERT INTO INFINITIVES VALUES('teach','fundisha','taught','taught')
INSERT INTO INFINITIVES VALUES('tear','chana','tore','torn')
INSERT INTO INFINITIVES VALUES('tell','nena','told','told')
INSERT INTO INFINITIVES VALUES('think','fikiri','thought','thought')
INSERT INTO INFINITIVES VALUES('thrive','sitawi','thrived','thrived')
INSERT INTO INFINITIVES VALUES('thrive','sitawi','throve','thrived')
INSERT INTO INFINITIVES VALUES('throw','tupa','threw','thrown')
INSERT INTO INFINITIVES VALUES('thrust','sukuma','thrust','thrust')
INSERT INTO INFINITIVES VALUES('tread','kanyata','trod','trodden')
INSERT INTO INFINITIVES VALUES('tread','kanyata','trod','trod')
INSERT INTO INFINITIVES VALUES('undergo','tangua','underwent','undergone')
INSERT INTO INFINITIVES VALUES('understand','fahamu','understood','understood')
INSERT INTO INFINITIVES VALUES('undertake','diriki','undertook','undertaken')
INSERT INTO INFINITIVES VALUES('undo','tangua','undid','undone')
INSERT INTO INFINITIVES VALUES('wake','amka','woke','woken')
INSERT INTO INFINITIVES VALUES('wake','amka','waked','waked')
INSERT INTO INFINITIVES VALUES('wait','ngoja','waited','waited')
INSERT INTO INFINITIVES VALUES('wash','fua','washed','washed')
INSERT INTO INFINITIVES VALUES('wear','vaa','wore','worn')
INSERT INTO INFINITIVES VALUES('weave','fuma','wove','woven')
INSERT INTO INFINITIVES VALUES('weep','lia','wept','wept')
INSERT INTO INFINITIVES VALUES('wet','rowesha','wet','wet')
INSERT INTO INFINITIVES VALUES('wet','rowesha','wetted','wetted')
INSERT INTO INFINITIVES VALUES('win','shinda','won','won')
INSERT INTO INFINITIVES VALUES('wind','zungusha','wound','wound')
INSERT INTO INFINITIVES VALUES('wring','kamua','wrung','wrung')
INSERT INTO INFINITIVES VALUES('write','andika','wrote','written')
CREATE TABLE Interrogatives ( English VARCHAR, Swahili VARCHAR)
INSERT INTO INTERROGATIVES VALUES('when','lini')
INSERT INTO INTERROGATIVES VALUES('what','nini')
INSERT INTO INTERROGATIVES VALUES('what','gani')
INSERT INTO INTERROGATIVES VALUES('where','wapi')
INSERT INTO INTERROGATIVES VALUES('which','gani')
INSERT INTO INTERROGATIVES VALUES('how many','ngapi')
INSERT INTO INTERROGATIVES VALUES('why','kwa nini')
CREATE TABLE Nouns ( English VARCHAR, Swahili VARCHAR, Class SMALLINT)
INSERT INTO NOUNS VALUES('child','mtoto',1)
INSERT INTO NOUNS VALUES('children','watoto',2)
INSERT INTO NOUNS VALUES('visitor','mgeni',1)
INSERT INTO NOUNS VALUES('visitors','wageni',2)
INSERT INTO NOUNS VALUES('French person','mfaransa',1)
INSERT INTO NOUNS VALUES('French people','wafaransa',2)
INSERT INTO NOUNS VALUES('uncle','mjomba',1)
INSERT INTO NOUNS VALUES('uncle','wajomba',2)
INSERT INTO NOUNS VALUES('wife','mke',1)
INSERT INTO NOUNS VALUES('wives','wake',2)
INSERT INTO NOUNS VALUES('farmer','mkulima',1)
INSERT INTO NOUNS VALUES('farmers','wakulima',2)
INSERT INTO NOUNS VALUES('cook','mpishi',1)
INSERT INTO NOUNS VALUES('cooks','wapishi',2)
INSERT INTO NOUNS VALUES('girl','msichana',1)
INSERT INTO NOUNS VALUES('girls','wasichana',2)
INSERT INTO NOUNS VALUES('person','mtu',1)
INSERT INTO NOUNS VALUES('people','watu',2)
INSERT INTO NOUNS VALUES('husband','mume',1)
INSERT INTO NOUNS VALUES('husbands','waume',2)
INSERT INTO NOUNS VALUES('boy','mvulana',1)
INSERT INTO NOUNS VALUES('boys','wavulana',2)
INSERT INTO NOUNS VALUES('elder','mzee',1)
INSERT INTO NOUNS VALUES('elders','wazee',2)
INSERT INTO NOUNS VALUES('white man','mzungu',1)
INSERT INTO NOUNS VALUES('white men','wazungu',2)
INSERT INTO NOUNS VALUES('German person','mjerumani',1)
INSERT INTO NOUNS VALUES('German people','wajerumani',2)
INSERT INTO NOUNS VALUES('man','mwanamume',1)
INSERT INTO NOUNS VALUES('men','wanaume',2)
INSERT INTO NOUNS VALUES('woman','mwanamke',1)
INSERT INTO NOUNS VALUES('women','wanawake',2)
INSERT INTO NOUNS VALUES('teacher','mwalimu',1)
INSERT INTO NOUNS VALUES('teachers','walimu',2)
INSERT INTO NOUNS VALUES('student','mwanafunzi',1)
INSERT INTO NOUNS VALUES('students','wanafunzi',2)
INSERT INTO NOUNS VALUES('African person','mwafrika',1)
INSERT INTO NOUNS VALUES('African people','waafrika',2)
INSERT INTO NOUNS VALUES('father','baba',1)
INSERT INTO NOUNS VALUES('fathers','baba',2)
INSERT INTO NOUNS VALUES('grandfather','babu',1)
INSERT INTO NOUNS VALUES('grandfathers','babu',2)
INSERT INTO NOUNS VALUES('sister','dada',1)
INSERT INTO NOUNS VALUES('sisters','dada',2)
INSERT INTO NOUNS VALUES('brother','kaka',1)
INSERT INTO NOUNS VALUES('brothers','kaka',2)
INSERT INTO NOUNS VALUES('mother','mama',1)
INSERT INTO NOUNS VALUES('mothers','mama',2)
INSERT INTO NOUNS VALUES('grandmother','nyanya',1)
INSERT INTO NOUNS VALUES('grandmothers','nyanya',2)
INSERT INTO NOUNS VALUES('friend','rafiki',1)
INSERT INTO NOUNS VALUES('friends','rafiki',2)
INSERT INTO NOUNS VALUES('aunt','shangazi',1)
INSERT INTO NOUNS VALUES('aunts','shangazi',2)
INSERT INTO NOUNS VALUES('blind person','kipofu',1)
INSERT INTO NOUNS VALUES('blind people','vipofu',2)
INSERT INTO NOUNS VALUES('deaf person','kiziwi',1)
INSERT INTO NOUNS VALUES('deaf people','viziwi',2)
INSERT INTO NOUNS VALUES('dog','mbwa',1)
INSERT INTO NOUNS VALUES('dogs','mbwa',2)
INSERT INTO NOUNS VALUES('cat','paka',1)
INSERT INTO NOUNS VALUES('cats','paka',2)
INSERT INTO NOUNS VALUES('cow','ng''ombe',1)
INSERT INTO NOUNS VALUES('cows','ng''ombe',2)
INSERT INTO NOUNS VALUES('lion','simba',1)
INSERT INTO NOUNS VALUES('lions','simba',2)
INSERT INTO NOUNS VALUES('elephant','ndovu',1)
INSERT INTO NOUNS VALUES('elephants','ndovu',2)
INSERT INTO NOUNS VALUES('hen','kuku',1)
INSERT INTO NOUNS VALUES('hens','kuku',2)
INSERT INTO NOUNS VALUES('parrot','kasuku',1)
INSERT INTO NOUNS VALUES('parrots','kasuku',2)
INSERT INTO NOUNS VALUES('eagle','tai',1)
INSERT INTO NOUNS VALUES('eagles','tai',2)
INSERT INTO NOUNS VALUES('bee','nyuki',1)
INSERT INTO NOUNS VALUES('bees','nyuki',2)
INSERT INTO NOUNS VALUES('mosquito','mbu',1)
INSERT INTO NOUNS VALUES('mosquitoes','mbu',2)
INSERT INTO NOUNS VALUES('fly','nzi',1)
INSERT INTO NOUNS VALUES('flies','nzi',2)
INSERT INTO NOUNS VALUES('tilapia','ngege',1)
INSERT INTO NOUNS VALUES('tilapia','ngege',2)
INSERT INTO NOUNS VALUES('shark','papa',1)
INSERT INTO NOUNS VALUES('sharks','papa',2)
INSERT INTO NOUNS VALUES('chair','kiti',7)
INSERT INTO NOUNS VALUES('chairs','viti',8)
INSERT INTO NOUNS VALUES('book','kitabu',7)
INSERT INTO NOUNS VALUES('books','vitabu',8)
INSERT INTO NOUNS VALUES('shoe','kiatu',7)
INSERT INTO NOUNS VALUES('shoes','viatu',8)
INSERT INTO NOUNS VALUES('knife','kisu',7)
INSERT INTO NOUNS VALUES('knives','visu',8)
INSERT INTO NOUNS VALUES('cup','kikombe',7)
INSERT INTO NOUNS VALUES('cups','vikombe',8)
INSERT INTO NOUNS VALUES('hill','kilima',7)
INSERT INTO NOUNS VALUES('hills','vilima',8)
INSERT INTO NOUNS VALUES('island','kisiwa',7)
INSERT INTO NOUNS VALUES('islands','visiwa',8)
INSERT INTO NOUNS VALUES('potato','kiazi',7)
INSERT INTO NOUNS VALUES('potatoes','viazi',8)
INSERT INTO NOUNS VALUES('onion','kitunguu',7)
INSERT INTO NOUNS VALUES('onions','vitunguu',8)
INSERT INTO NOUNS VALUES('thing','kitu',7)
INSERT INTO NOUNS VALUES('things','vitu',8)
INSERT INTO NOUNS VALUES('bed','kitanda',7)
INSERT INTO NOUNS VALUES('beds','vitanda',8)
INSERT INTO NOUNS VALUES('mirror','kioo',7)
INSERT INTO NOUNS VALUES('mirrors','vyoo',8)
INSERT INTO NOUNS VALUES('match','kiberiti',7)
INSERT INTO NOUNS VALUES('matches','viberiti',8)
INSERT INTO NOUNS VALUES('school','chuo',7)
INSERT INTO NOUNS VALUES('schools','vyuo',8)
INSERT INTO NOUNS VALUES('college','chuo',7)
INSERT INTO NOUNS VALUES('colleges','vyuo',8)
INSERT INTO NOUNS VALUES('restroom','choo',7)
INSERT INTO NOUNS VALUES('restrooms','vyoo',8)
INSERT INTO NOUNS VALUES('food','chakula',7)
INSERT INTO NOUNS VALUES('foods','vyakula',8)
INSERT INTO NOUNS VALUES('room','chumba',7)
INSERT INTO NOUNS VALUES('rooms','vyumba',8)
INSERT INTO NOUNS VALUES('certificate','cheti',7)
INSERT INTO NOUNS VALUES('certificates','vyeti',8)
INSERT INTO NOUNS VALUES('party','chama',7)
INSERT INTO NOUNS VALUES('parties','vyama',8)
INSERT INTO NOUNS VALUES('association','chama',7)
INSERT INTO NOUNS VALUES('associations','vyama',8)
INSERT INTO NOUNS VALUES('iron','chuma',7)
INSERT INTO NOUNS VALUES('irons','vyuma',8)
INSERT INTO NOUNS VALUES('container','chombo',7)
INSERT INTO NOUNS VALUES('containers','vyombo',8)
INSERT INTO NOUNS VALUES('utensil','chombo',7)
INSERT INTO NOUNS VALUES('utensils','vyombo',8)
INSERT INTO NOUNS VALUES('rank','cheo',7)
INSERT INTO NOUNS VALUES('ranks','vyeo',8)
INSERT INTO NOUNS VALUES('head','kichwa',7)
INSERT INTO NOUNS VALUES('heads','vichwa',8)
INSERT INTO NOUNS VALUES('waist','kiuno',7)
INSERT INTO NOUNS VALUES('waists','viuno',8)
INSERT INTO NOUNS VALUES('chest','kifua',7)
INSERT INTO NOUNS VALUES('chests','vifua',8)
INSERT INTO NOUNS VALUES('finger','kidole',7)
INSERT INTO NOUNS VALUES('fingers','vidole',8)
INSERT INTO NOUNS VALUES('tree','mti',3)
INSERT INTO NOUNS VALUES('trees','miti',4)
INSERT INTO NOUNS VALUES('coconut tree','mnazi',3)
INSERT INTO NOUNS VALUES('coconut trees','minazi',4)
INSERT INTO NOUNS VALUES('orange tree','mchungwa',3)
INSERT INTO NOUNS VALUES('orange trees','michungwa',4)
INSERT INTO NOUNS VALUES('mango tree','mwembe',3)
INSERT INTO NOUNS VALUES('mango trees','miembe',4)
INSERT INTO NOUNS VALUES('apple tree','mtofaa',3)
INSERT INTO NOUNS VALUES('apple trees','mitofaa',4)
INSERT INTO NOUNS VALUES('papaya tree','mpapai',3)
INSERT INTO NOUNS VALUES('papaya trees','mipapai',4)
INSERT INTO NOUNS VALUES('lime tree','mndimu',3)
INSERT INTO NOUNS VALUES('lime trees','mindimu',4)
INSERT INTO NOUNS VALUES('guava tree','mpera',3)
INSERT INTO NOUNS VALUES('guava trees','mipera',4)
INSERT INTO NOUNS VALUES('banana tree','mgomba',3)
INSERT INTO NOUNS VALUES('banana trees','migomba',4)
INSERT INTO NOUNS VALUES('example','mfano',3)
INSERT INTO NOUNS VALUES('examples','mifano',4)
INSERT INTO NOUNS VALUES('city','mji',3)
INSERT INTO NOUNS VALUES('cities','miji',4)
INSERT INTO NOUNS VALUES('bag','mkoba',3)
INSERT INTO NOUNS VALUES('bags','mikoba',4)
INSERT INTO NOUNS VALUES('bag','mfuko',3)
INSERT INTO NOUNS VALUES('bags','mifuko',4)
INSERT INTO NOUNS VALUES('door','mlango',3)
INSERT INTO NOUNS VALUES('doors','milango',4)
INSERT INTO NOUNS VALUES('exam','mtihani',3)
INSERT INTO NOUNS VALUES('exams','mitihani',4)
INSERT INTO NOUNS VALUES('test','mjarabu',3)
INSERT INTO NOUNS VALUES('tests','mijarabu',4)
INSERT INTO NOUNS VALUES('mountain','mlima',3)
INSERT INTO NOUNS VALUES('mountains','milima',4)
INSERT INTO NOUNS VALUES('ball','mpira',3)
INSERT INTO NOUNS VALUES('balls','mipira',4)
INSERT INTO NOUNS VALUES('bread','mkate',3)
INSERT INTO NOUNS VALUES('breads','mikate',4)
INSERT INTO NOUNS VALUES('river','mto',3)
INSERT INTO NOUNS VALUES('rivers','mito',4)
INSERT INTO NOUNS VALUES('god','mungu',3)
INSERT INTO NOUNS VALUES('gods','miungu',4)
INSERT INTO NOUNS VALUES('game','mchezo',3)
INSERT INTO NOUNS VALUES('games','michezo',4)
INSERT INTO NOUNS VALUES('fire','moto',3)
INSERT INTO NOUNS VALUES('fires','mioto',4)
INSERT INTO NOUNS VALUES('mosque','mskiti',3)
INSERT INTO NOUNS VALUES('mosques','misikiti',4)
INSERT INTO NOUNS VALUES('forest','msitu',3)
INSERT INTO NOUNS VALUES('forests','misitu',4)
INSERT INTO NOUNS VALUES('toothbrush','mswaki',3)
INSERT INTO NOUNS VALUES('toothbrushes','miswaki',4)
INSERT INTO NOUNS VALUES('river','mto',3)
INSERT INTO NOUNS VALUES('rivers','mito',4)
INSERT INTO NOUNS VALUES('mouth','mdomo',3)
INSERT INTO NOUNS VALUES('mouths','midomo',4)
INSERT INTO NOUNS VALUES('hand','mkono',3)
INSERT INTO NOUNS VALUES('hands','mikono',4)
INSERT INTO NOUNS VALUES('leg','mguu',3)
INSERT INTO NOUNS VALUES('legs','miguu',4)
INSERT INTO NOUNS VALUES('bone','mfupa',3)
INSERT INTO NOUNS VALUES('bones','mifupa',4)
INSERT INTO NOUNS VALUES('back','mgongo',3)
INSERT INTO NOUNS VALUES('backs','migongo',4)
INSERT INTO NOUNS VALUES('heart','moyo',3)
INSERT INTO NOUNS VALUES('hearts','mioyo',4)
INSERT INTO NOUNS VALUES('body','mwili',3)
INSERT INTO NOUNS VALUES('bodies','miili',4)
INSERT INTO NOUNS VALUES('year','mwaka',3)
INSERT INTO NOUNS VALUES('years','miaka',4)
INSERT INTO NOUNS VALUES('umbrella','mwavuli',3)
INSERT INTO NOUNS VALUES('umbrellas','miavuli',4)
INSERT INTO NOUNS VALUES('month','mwezi',3)
INSERT INTO NOUNS VALUES('months','miezi',4)
INSERT INTO NOUNS VALUES('thorn','mwiba',3)
INSERT INTO NOUNS VALUES('thorns','miiba',4)
INSERT INTO NOUNS VALUES('end','mwisho',3)
INSERT INTO NOUNS VALUES('ends','miisho',4)
INSERT INTO NOUNS VALUES('corn','muhindi',3)
INSERT INTO NOUNS VALUES('corn','mihindi',4)
INSERT INTO NOUNS VALUES('cassava','muhogo',3)
INSERT INTO NOUNS VALUES('cassavas','mihogo',4)
INSERT INTO NOUNS VALUES('sugarcane','muwa',3)
INSERT INTO NOUNS VALUES('sugarcane','miwa',4)
INSERT INTO NOUNS VALUES('blanket','blanketi',5)
INSERT INTO NOUNS VALUES('blankets','mablanketi',6)
INSERT INTO NOUNS VALUES('window','dirisha',5)
INSERT INTO NOUNS VALUES('windows','madirisha',6)
INSERT INTO NOUNS VALUES('car','gari',5)
INSERT INTO NOUNS VALUES('cars','magari',6)
INSERT INTO NOUNS VALUES('newspaper','gazeti',5)
INSERT INTO NOUNS VALUES('newspapers','magazeti',6)
INSERT INTO NOUNS VALUES('mattress','godoro',5)
INSERT INTO NOUNS VALUES('mattresses','magodoro',6)
INSERT INTO NOUNS VALUES('box','sanduku',5)
INSERT INTO NOUNS VALUES('boxes','masanduku',6)
INSERT INTO NOUNS VALUES('gas cooker','jiko',5)
INSERT INTO NOUNS VALUES('gas cookers','meko',6)
INSERT INTO NOUNS VALUES('veranda','baraza',5)
INSERT INTO NOUNS VALUES('verandas','mabaraza',6)
INSERT INTO NOUNS VALUES('bridge','daraja',5)
INSERT INTO NOUNS VALUES('bridges','madaraja',6)
INSERT INTO NOUNS VALUES('shop','duka',5)
INSERT INTO NOUNS VALUES('shops','maduka',6)
INSERT INTO NOUNS VALUES('farm','shamba',5)
INSERT INTO NOUNS VALUES('farms','mashamba',6)
INSERT INTO NOUNS VALUES('market','soko',5)
INSERT INTO NOUNS VALUES('markets','masoko',6)
INSERT INTO NOUNS VALUES('lake','ziwa',5)
INSERT INTO NOUNS VALUES('lakes','maziwa',6)
INSERT INTO NOUNS VALUES('state','jimbo',5)
INSERT INTO NOUNS VALUES('states','majimbo',6)
INSERT INTO NOUNS VALUES('name','jina',5)
INSERT INTO NOUNS VALUES('names','majina',6)
INSERT INTO NOUNS VALUES('mistake','kosa',5)
INSERT INTO NOUNS VALUES('mistakes','makosa',6)
INSERT INTO NOUNS VALUES('word','neno',5)
INSERT INTO NOUNS VALUES('words','maneno',6)
INSERT INTO NOUNS VALUES('issue','jambo',5)
INSERT INTO NOUNS VALUES('issues','mambo',6)
INSERT INTO NOUNS VALUES('stone','jiwe',5)
INSERT INTO NOUNS VALUES('stones','mawe',6)
INSERT INTO NOUNS VALUES('subject','somo',5)
INSERT INTO NOUNS VALUES('subjects','masomo',6)
INSERT INTO NOUNS VALUES('lesson','somo',5)
INSERT INTO NOUNS VALUES('lessons','masomo',6)
INSERT INTO NOUNS VALUES('thought','wazo',5)
INSERT INTO NOUNS VALUES('thoughts','mawazo',6)
INSERT INTO NOUNS VALUES('answer','jibu',5)
INSERT INTO NOUNS VALUES('answers','majibu',6)
INSERT INTO NOUNS VALUES('question','swali',5)
INSERT INTO NOUNS VALUES('questions','maswali',6)
INSERT INTO NOUNS VALUES('responsibility','jukumu',5)
INSERT INTO NOUNS VALUES('responsibilities','majukumu',6)
INSERT INTO NOUNS VALUES('week','juma',5)
INSERT INTO NOUNS VALUES('weeks','majuma',6)
INSERT INTO NOUNS VALUES('eye','jicho',5)
INSERT INTO NOUNS VALUES('eyes','macho',6)
INSERT INTO NOUNS VALUES('tooth','jino',5)
INSERT INTO NOUNS VALUES('teeth','meno',6)
INSERT INTO NOUNS VALUES('shoulder','bega',5)
INSERT INTO NOUNS VALUES('shoulders','mabega',6)
INSERT INTO NOUNS VALUES('knee','goti',5)
INSERT INTO NOUNS VALUES('knees','magoti',6)
INSERT INTO NOUNS VALUES('ear','sikio',5)
INSERT INTO NOUNS VALUES('ears','masikio',6)
INSERT INTO NOUNS VALUES('stomach','tumbo',5)
INSERT INTO NOUNS VALUES('bowels','matumbo',6)
INSERT INTO NOUNS VALUES('thigh','paja',5)
INSERT INTO NOUNS VALUES('thighs','mapaja',6)
INSERT INTO NOUNS VALUES('orange','chungwa',5)
INSERT INTO NOUNS VALUES('oranges','machungwa',6)
INSERT INTO NOUNS VALUES('mango','embe',5)
INSERT INTO NOUNS VALUES('mangoes','maembe',6)
INSERT INTO NOUNS VALUES('lemon','limau',5)
INSERT INTO NOUNS VALUES('lemons','malimau',6)
INSERT INTO NOUNS VALUES('pineapple','nanasi',5)
INSERT INTO NOUNS VALUES('pineapples','mananasi',6)
INSERT INTO NOUNS VALUES('pawpaw','papai',5)
INSERT INTO NOUNS VALUES('pawpaws','mapapai',6)
INSERT INTO NOUNS VALUES('coconut','dafu',5)
INSERT INTO NOUNS VALUES('coconuts','madafu',6)
INSERT INTO NOUNS VALUES('apple','tofaa',5)
INSERT INTO NOUNS VALUES('apples','matofaa',6)
INSERT INTO NOUNS VALUES('leaf','jani',5)
INSERT INTO NOUNS VALUES('leaves','majani',6)
INSERT INTO NOUNS VALUES('egg','yai',5)
INSERT INTO NOUNS VALUES('eggs','mayai',6)
INSERT INTO NOUNS VALUES('dress','rinda',5)
INSERT INTO NOUNS VALUES('dresses','marinda',6)
INSERT INTO NOUNS VALUES('water','maji',6)
INSERT INTO NOUNS VALUES('oil','mafuta',6)
INSERT INTO NOUNS VALUES('beans','maharagwe',6)
INSERT INTO NOUNS VALUES('corn','mahindi',6)
INSERT INTO NOUNS VALUES('wealth','mali',6)
INSERT INTO NOUNS VALUES('misfortune','maafa',6)
INSERT INTO NOUNS VALUES('problems','matata',6)
CREATE TABLE Possessives ( English VARCHAR, Swahili VARCHAR)
INSERT INTO POSSESSIVES VALUES('my','angu')
INSERT INTO POSSESSIVES VALUES('our','etu')
INSERT INTO POSSESSIVES VALUES('your','ako')
INSERT INTO POSSESSIVES VALUES('your','enu')
INSERT INTO POSSESSIVES VALUES('his','ake')
INSERT INTO POSSESSIVES VALUES('her','ake')
INSERT INTO POSSESSIVES VALUES('their','ao')
CREATE TABLE Pronouns ( English VARCHAR, Swahili VARCHAR, Class SMALLINT)
INSERT INTO PRONOUNS VALUES('it','',15)
INSERT INTO PRONOUNS VALUES('i','mimi',1)
INSERT INTO PRONOUNS VALUES('me','mimi',1)
INSERT INTO PRONOUNS VALUES('you','wewe',1)
INSERT INTO PRONOUNS VALUES('he','yeye',1)
INSERT INTO PRONOUNS VALUES('she','yeye',1)
INSERT INTO PRONOUNS VALUES('we','sisi',2)
INSERT INTO PRONOUNS VALUES('we all','sisi',2)
INSERT INTO PRONOUNS VALUES('you all','nyinyi',2)
INSERT INTO PRONOUNS VALUES('they','wao',2)
INSERT INTO PRONOUNS VALUES('they all','wao',2)
INSERT INTO PRONOUNS VALUES('them','wao',2)
CREATE TABLE RelativeConnectors ( English VARCHAR, Swahili VARCHAR)
INSERT INTO RELATIVECONNECTORS VALUES('that','amba%r')
INSERT INTO RELATIVECONNECTORS VALUES('which','amba%r')
INSERT INTO RELATIVECONNECTORS VALUES('who','amba%r')
CREATE TABLE TenseMarkers ( TenseMarker VARCHAR, Tense VARCHAR)
CREATE TABLE VerbPrefixes ( Tense VARCHAR, Prefix VARCHAR, Suffix VARCHAR)
INSERT INTO VERBPREFIXES VALUES('PR','%mna','')
INSERT INTO VERBPREFIXES VALUES('NPR','%n','i')
INSERT INTO VERBPREFIXES VALUES('PP','%mme','')
INSERT INTO VERBPREFIXES VALUES('NPP','%nja','')
INSERT INTO VERBPREFIXES VALUES('PS','%mli','')
INSERT INTO VERBPREFIXES VALUES('NPS','%nku','')
INSERT INTO VERBPREFIXES VALUES('PI','%m','')
INSERT INTO VERBPREFIXES VALUES('NPI','%n','i')
INSERT INTO VERBPREFIXES VALUES('F','%mta','')
INSERT INTO VERBPREFIXES VALUES('NF','%nta','')
INSERT INTO VERBPREFIXES VALUES('H','hu','')
INSERT INTO VERBPREFIXES VALUES('S','%m','e')
INSERT INTO VERBPREFIXES VALUES('NS','%msi','e')
INSERT INTO VERBPREFIXES VALUES('C','%mki','')
INSERT INTO VERBPREFIXES VALUES('NC','%msipo','')
INSERT INTO VERBPREFIXES VALUES('CF','%mnge','')
INSERT INTO VERBPREFIXES VALUES('NCF','%msinge','')
INSERT INTO VERBPREFIXES VALUES('CP','%mngali','')
INSERT INTO VERBPREFIXES VALUES('NCP','%msingali','')
/*C2*/SET SCHEMA PUBLIC
CONNECT USER SA
INSERT INTO ADJECTIVES VALUES('beautiful','%arembo')
INSERT INTO ADJECTIVES VALUES('good','%azuri')
INSERT INTO ADJECTIVES VALUES('good','%Aema')
INSERT INTO ADJECTIVES VALUES('nice','%azuri')
INSERT INTO ADJECTIVES VALUES('happy','%Aema')
INSERT INTO ADJECTIVES VALUES('pretty','%arembo')
INSERT INTO ADJECTIVES VALUES('bad','%abaya')
INSERT INTO ADJECTIVES VALUES('raw','%abichi')
INSERT INTO ADJECTIVES VALUES('unripe','%abichi')
INSERT INTO ADJECTIVES VALUES('uncooked','%abichi')
INSERT INTO ADJECTIVES VALUES('rotten','%abovu')
INSERT INTO ADJECTIVES VALUES('unhealthy','%abovu')
INSERT INTO ADJECTIVES VALUES('few','%achache')
INSERT INTO ADJECTIVES VALUES('obscene','%achafu')
INSERT INTO ADJECTIVES VALUES('dirty','%achafu')
INSERT INTO ADJECTIVES VALUES('unclean','%achafu')
INSERT INTO ADJECTIVES VALUES('bitter','%achungu')
INSERT INTO ADJECTIVES VALUES('sour','%achungu')
INSERT INTO ADJECTIVES VALUES('small','%adogo')
INSERT INTO ADJECTIVES VALUES('younger','%adogo')
INSERT INTO ADJECTIVES VALUES('insignificant','%adogo')
INSERT INTO ADJECTIVES VALUES('old','%akongwe')
INSERT INTO ADJECTIVES VALUES('red','%aekundu')
INSERT INTO ADJECTIVES VALUES('lovely','%azuri')
INSERT INTO ADJECTIVES VALUES('cute','%azuri')
INSERT INTO ADJECTIVES VALUES('attractive','%azuri')
INSERT INTO ADJECTIVES VALUES('big','%akubwa')
INSERT INTO ADJECTIVES VALUES('a lot','%aingi')
INSERT INTO ADJECTIVES VALUES('a lot of','%aingi')
INSERT INTO ADJECTIVES VALUES('many','%aingi')
INSERT INTO ADJECTIVES VALUES('a few','%achache')
INSERT INTO ADJECTIVES VALUES('a few of','%achache')
INSERT INTO ADJECTIVES VALUES('some','%achache')
INSERT INTO ADJECTIVES VALUES('tall','%arefu')
INSERT INTO ADJECTIVES VALUES('short','%afupi')
INSERT INTO ADJECTIVES VALUES('old','%azee')
INSERT INTO ADJECTIVES VALUES('new','%apya')
INSERT INTO ADJECTIVES VALUES('young','%achanga')
INSERT INTO ADJECTIVES VALUES('few','%ahaba')
INSERT INTO ADJECTIVES VALUES('plenty','%atele')
INSERT INTO ADJECTIVES VALUES('black','%aeusi')
INSERT INTO ADJECTIVES VALUES('blue','bluu')
INSERT INTO ADJECTIVES VALUES('brown','hudhurungi')
INSERT INTO ADJECTIVES VALUES('gray','kijivu')
INSERT INTO AGREEMENTCHART VALUES(0,'','','','','','','','','','','','','','')
INSERT INTO AGREEMENTCHART VALUES(1,'m','mw','a','ha','m','wa','w','huyu','huyo','yule','yupi','ye','yote','mwenye')
INSERT INTO AGREEMENTCHART VALUES(1,'m','mw','ni','si','ni','wa','w','huyu','huyo','yule','yupi','ye','yote','mwenye')
INSERT INTO AGREEMENTCHART VALUES(1,'m','mw','u','hu','ku','wa','w','huyu','huyo','yule','yupi','ye','yote','mwenye')
INSERT INTO AGREEMENTCHART VALUES(1,'m','mw','a','ha','m','wa','w','huyu','huyo','yule','yupi','ye','yote','mwenye')
INSERT INTO AGREEMENTCHART VALUES(2,'wa','w','wa','hawa','wa','wa','w','hawa','hao','wale','wepi','wo','wote','wenye')
INSERT INTO AGREEMENTCHART VALUES(2,'wa','w','tu','hatu','tu','wa','w','hawa','hao','wale','wepi','o','sote','wenye')
INSERT INTO AGREEMENTCHART VALUES(2,'wa','w','m','ham','m','wa','w','hawa','hao','wale','wepi','o','nyote','wenye')
INSERT INTO AGREEMENTCHART VALUES(2,'wa','w','wa','hawa','wa','wa','w','hawa','hao','wale','wepi','o','wote','wenye')
INSERT INTO AGREEMENTCHART VALUES(3,'m','mw','u','hau','u','wa','w','huu','huo','ule','upi','o','wote','wenye')
INSERT INTO AGREEMENTCHART VALUES(4,'mi','my','i','hai','i','ya','y','hii','hiyo','ile','ipi','yo','yote','yenye')
INSERT INTO AGREEMENTCHART VALUES(5,'','','li','hali','li','la','l','hili','hilo','lile','lipi','lo','lote','lenye')
INSERT INTO AGREEMENTCHART VALUES(6,'ma','m','ya','haya','ya','ya','y','haya','hayo','yale','yapi','yo','yote','yenye')
INSERT INTO AGREEMENTCHART VALUES(7,'ki','ch','ki','haki','ki','cha','ch','hiki','hicho','kile','kipi','cho','chote','chenye')
INSERT INTO AGREEMENTCHART VALUES(8,'vi','vy','vi','havi','vi','vya','vy','hivi','hivyo','vile','vipi','vyo','vyote','vyenye')
INSERT INTO AGREEMENTCHART VALUES(9,'n','nj','i','hai','i','ya','y','hii','hiyo','ile','ipi','yo','yote','yenye')
INSERT INTO AGREEMENTCHART VALUES(10,'n','n','zi','hazi','zi','za','z','hizi','hizo','zile','zipi','zo','zote','zenye')
INSERT INTO AGREEMENTCHART VALUES(11,'pa','p','pa','hapa','pa','pa','p','hapa','hapo','pale','','po','pote','penye')
INSERT INTO AGREEMENTCHART VALUES(12,'ku','kw','ku','haku','ku','kwa','kw','huku','huko','kule','','ko','kote','kwenye')
INSERT INTO AGREEMENTCHART VALUES(13,'m','m','m','ham','m','mwa','mw','humu','humo','mle','','mo','mwote','mwenye')
INSERT INTO AGREEMENTCHART VALUES(14,'m','m','u','hau','u','wa','w','huu','huo','ule','upi','o','wote','wenye')
INSERT INTO AGREEMENTCHART VALUES(15,'ku','kw','ku','haku','ku','kwa','kw','huku','huko','kule','kupi','ko','kote','kwenye')
INSERT INTO CONJUNCTIONS VALUES('and','na')
INSERT INTO CONJUNCTIONS VALUES('but','lakini')
INSERT INTO CONJUNCTIONS VALUES('or','au')
INSERT INTO CONJUNCTIONS VALUES('nor','nor')
INSERT INTO CONJUNCTIONS VALUES('for','for')
INSERT INTO CONJUNCTIONS VALUES('so','so')
INSERT INTO CONJUNCTIONS VALUES('yet','yet')
INSERT INTO CONTRACTIONS VALUES('let''s','let us')
INSERT INTO CONTRACTIONS VALUES('i''m','i am')
INSERT INTO CONTRACTIONS VALUES('i''ll','i will')
INSERT INTO CONTRACTIONS VALUES('i''d','i would')
INSERT INTO CONTRACTIONS VALUES('i''ve','i have')
INSERT INTO CONTRACTIONS VALUES('you''re','you are')
INSERT INTO CONTRACTIONS VALUES('you''ll','you will')
INSERT INTO CONTRACTIONS VALUES('you''d','you would')
INSERT INTO CONTRACTIONS VALUES('you''ve','you have')
INSERT INTO CONTRACTIONS VALUES('he''s','he is')
INSERT INTO CONTRACTIONS VALUES('she''s','she is')
INSERT INTO CONTRACTIONS VALUES('he''ll','he will')
INSERT INTO CONTRACTIONS VALUES('she''ll','she will')
INSERT INTO CONTRACTIONS VALUES('he''d','he would')
INSERT INTO CONTRACTIONS VALUES('she''d','she would')
INSERT INTO CONTRACTIONS VALUES('she''s','she is')
INSERT INTO CONTRACTIONS VALUES('he''s','he is')
INSERT INTO CONTRACTIONS VALUES('it''s','it is')
INSERT INTO CONTRACTIONS VALUES('it''ll','it will')
INSERT INTO CONTRACTIONS VALUES('it''d','it would')
INSERT INTO CONTRACTIONS VALUES('we''re','we are')
INSERT INTO CONTRACTIONS VALUES('we''ll','we will')
INSERT INTO CONTRACTIONS VALUES('we''d','we would')
INSERT INTO CONTRACTIONS VALUES('we''ve','we have')
INSERT INTO CONTRACTIONS VALUES('they''re','they are')
INSERT INTO CONTRACTIONS VALUES('they''ll','they will')
INSERT INTO CONTRACTIONS VALUES('they''d','they would')
INSERT INTO CONTRACTIONS VALUES('they''ve','they have')
INSERT INTO CONTRACTIONS VALUES('there''s','there is')
INSERT INTO CONTRACTIONS VALUES('there''ll','there will')
INSERT INTO CONTRACTIONS VALUES('there''d','there would')
INSERT INTO CONTRACTIONS VALUES('that''s','that is')
INSERT INTO CONTRACTIONS VALUES('that''ll','that will')
INSERT INTO CONTRACTIONS VALUES('that''d','that would')
INSERT INTO CONTRACTIONS VALUES('doesn''t','does not')
INSERT INTO CONTRACTIONS VALUES('isn''t','is not')
INSERT INTO CONTRACTIONS VALUES('needn''t','need not')
INSERT INTO CONTRACTIONS VALUES('wasn''t','was not')
INSERT INTO CONTRACTIONS VALUES('weren''t','were not')
INSERT INTO CONTRACTIONS VALUES('won''t','will not')
INSERT INTO CONTRACTIONS VALUES('didn''t','did not')
INSERT INTO CONTRACTIONS VALUES('aren''t','are not')
INSERT INTO CONTRACTIONS VALUES('should''ve','should have')
INSERT INTO CONTRACTIONS VALUES('could''ve','could have')
INSERT INTO CONTRACTIONS VALUES('would''ve','would have')
INSERT INTO CONTRACTIONS VALUES('shouldn''t','should not')
INSERT INTO CONTRACTIONS VALUES('couldn''t','could not')
INSERT INTO CONTRACTIONS VALUES('wouldn''t','would not')
INSERT INTO CONTRACTIONS VALUES('don''t','do not')
INSERT INTO CONTRACTIONS VALUES('musn''t','must not')
INSERT INTO CONTRACTIONS VALUES('mustn''t','must not')
INSERT INTO CONTRACTIONS VALUES('haven''t','have not')
INSERT INTO CONTRACTIONS VALUES('hadn''t','had not')
INSERT INTO CONTRACTIONS VALUES('hasn''t','has not')
INSERT INTO CONTRACTIONS VALUES('can''t','cannot')
INSERT INTO CONTRACTIONS VALUES('shan''t','shall not')
INSERT INTO DIRECTSENTENCETRANSLATIONS VALUES('how about you ?','na wewe je ?')
INSERT INTO DIRECTSENTENCETRANSLATIONS VALUES('how are you ?','u hali gani ?')
INSERT INTO DIRECTSENTENCETRANSLATIONS VALUES('how are things ?','habari gani ?')
INSERT INTO DIRECTSENTENCETRANSLATIONS VALUES('how are you doing ?','hujambo ?')
INSERT INTO DIRECTSENTENCETRANSLATIONS VALUES('goodbye','kwaheri')
INSERT INTO DIRECTSENTENCETRANSLATIONS VALUES('thank you','asante')
INSERT INTO DIRECTSENTENCETRANSLATIONS VALUES('thank you very much','asante sana')
INSERT INTO DIRECTSENTENCETRANSLATIONS VALUES('see you later','tutaonana baadaye')
INSERT INTO DIRECTSENTENCETRANSLATIONS VALUES('what is up ?','vipi ?')
INSERT INTO DIRECTSENTENCETRANSLATIONS VALUES('good morning','habari za asubuhi')
INSERT INTO DIRECTSENTENCETRANSLATIONS VALUES('good evening','habari za leo')
INSERT INTO INFINITIVES VALUES('arise','nyanyuka','arose','arisen')
INSERT INTO INFINITIVES VALUES('advise','shauri','advised','advised')
INSERT INTO INFINITIVES VALUES('arrive','fika','arrived','arrived')
INSERT INTO INFINITIVES VALUES('wake','amka','woke','woken')
INSERT INTO INFINITIVES VALUES('be','kuwa','was','been')
INSERT INTO INFINITIVES VALUES('be','kuwa','were','been')
INSERT INTO INFINITIVES VALUES('be able','weza','was able','been able')
INSERT INTO INFINITIVES VALUES('beat','piga','beat','beaten')
INSERT INTO INFINITIVES VALUES('become','kuwa','became','become')
INSERT INTO INFINITIVES VALUES('begin','anza','began','begun')
INSERT INTO INFINITIVES VALUES('bend','pinda','bent','bent')
INSERT INTO INFINITIVES VALUES('bet','weka sharti','bet','bet')
INSERT INTO INFINITIVES VALUES('bet','weka sharti','betted','betted')
INSERT INTO INFINITIVES VALUES('bid','zabuni','bid','bid')
INSERT INTO INFINITIVES VALUES('bind','funga','bound','bound')
INSERT INTO INFINITIVES VALUES('bite','tafuna','bit','bitten')
INSERT INTO INFINITIVES VALUES('blow','vuma','blew','blown')
INSERT INTO INFINITIVES VALUES('break','vunja','broke','broken')
INSERT INTO INFINITIVES VALUES('breed','zalisha','bred','bred')
INSERT INTO INFINITIVES VALUES('bring','leta','brought','brought')
INSERT INTO INFINITIVES VALUES('build','jenga','built','built')
INSERT INTO INFINITIVES VALUES('burn','choma','burned','burned')
INSERT INTO INFINITIVES VALUES('burn','choma','burnt','burnt')
INSERT INTO INFINITIVES VALUES('burst','pasuka','burst','burst')
INSERT INTO INFINITIVES VALUES('buy','nunua','bought','bought')
INSERT INTO INFINITIVES VALUES('cast','tupa','cast','cast')
INSERT INTO INFINITIVES VALUES('catch','daka','caught','caught')
INSERT INTO INFINITIVES VALUES('cough','kohoa','coughed','coughed')
INSERT INTO INFINITIVES VALUES('choose','chagua','chose','chosen')
INSERT INTO INFINITIVES VALUES('clean','safisha','cleaned','cleaned')
INSERT INTO INFINITIVES VALUES('cling','ng''ang''ania','clung','clung')
INSERT INTO INFINITIVES VALUES('come','kuja','came','come')
INSERT INTO INFINITIVES VALUES('cost','gharimu','cost','cost')
INSERT INTO INFINITIVES VALUES('creep','nyatia','crept','crept')
INSERT INTO INFINITIVES VALUES('cut','kata','cut','cut')
INSERT INTO INFINITIVES VALUES('deal','gawa','dealt','dealt')
INSERT INTO INFINITIVES VALUES('detain','kamata','detained','detained')
INSERT INTO INFINITIVES VALUES('dig','chimba','dug','dug')
INSERT INTO INFINITIVES VALUES('dive','piga mbizi','dived','dived')
INSERT INTO INFINITIVES VALUES('dive','piga mbizi','dove','dived')
INSERT INTO INFINITIVES VALUES('do','fanya','did','done')
INSERT INTO INFINITIVES VALUES('draw','chora','drew','drawn')
INSERT INTO INFINITIVES VALUES('dream','ota','dreamt','dreamt')
INSERT INTO INFINITIVES VALUES('dream','ota','dreamed','dreamed')
INSERT INTO INFINITIVES VALUES('drink','nywa','drank','drunk')
INSERT INTO INFINITIVES VALUES('drive','endesha','drove','driven')
INSERT INTO INFINITIVES VALUES('dwell','ishi','dwelt','dwelt')
INSERT INTO INFINITIVES VALUES('dwell','ishi','dwelled','dwelled')
INSERT INTO INFINITIVES VALUES('eat','kula','ate','eaten')
INSERT INTO INFINITIVES VALUES('fall','anguka','fell','fallen')
INSERT INTO INFINITIVES VALUES('feed','lisha','fed','fed')
INSERT INTO INFINITIVES VALUES('feel','hisi','felt','felt')
INSERT INTO INFINITIVES VALUES('fight','pigana','fought','fought')
INSERT INTO INFINITIVES VALUES('find','tafuta','found','found')
INSERT INTO INFINITIVES VALUES('flee','kimbia','fled','fled')
INSERT INTO INFINITIVES VALUES('fling','rusha','flung','flung')
INSERT INTO INFINITIVES VALUES('fly','ruka','flew','flown')
INSERT INTO INFINITIVES VALUES('forbid','kataza','forbade','forbidden')
INSERT INTO INFINITIVES VALUES('forecast','tabiri','forecast','forecast')
INSERT INTO INFINITIVES VALUES('forget','sahau','forgot','forgotten')
INSERT INTO INFINITIVES VALUES('freeze','gandisha wa baridi','froze','frozen')
INSERT INTO INFINITIVES VALUES('get','pata','got','got')
INSERT INTO INFINITIVES VALUES('give','toa','gave','given')
INSERT INTO INFINITIVES VALUES('go','enda','went','gone')
INSERT INTO INFINITIVES VALUES('grind','saga','ground','ground')
INSERT INTO INFINITIVES VALUES('grow','ota','grew','grown')
INSERT INTO INFINITIVES VALUES('hang','angika','hung','hung')
INSERT INTO INFINITIVES VALUES('hang','angika','hanged','hanged')
INSERT INTO INFINITIVES VALUES('hear','sikia','heard','heard')
INSERT INTO INFINITIVES VALUES('hide','ficha','hid','hidden')
INSERT INTO INFINITIVES VALUES('hit','piga','hit','hit')
INSERT INTO INFINITIVES VALUES('hold','shika','held','held')
INSERT INTO INFINITIVES VALUES('hurt','umiza','hurt','hurt')
INSERT INTO INFINITIVES VALUES('input','andikisha','input','input')
INSERT INTO INFINITIVES VALUES('keep','weka','kept','kept')
INSERT INTO INFINITIVES VALUES('kneel','piga magoti','knelt','knelt')
INSERT INTO INFINITIVES VALUES('kneel','piga magoti','kneeled','kneeled')
INSERT INTO INFINITIVES VALUES('know','jua','knew','known')
INSERT INTO INFINITIVES VALUES('lay','laza','laid','laid')
INSERT INTO INFINITIVES VALUES('lead','ongoza','led','led')
INSERT INTO INFINITIVES VALUES('lean','tegemea','leant','leant')
INSERT INTO INFINITIVES VALUES('lean','tegemea','leaned','leaned')
INSERT INTO INFINITIVES VALUES('leap','chupa','leapt','leapt')
INSERT INTO INFINITIVES VALUES('leap','chupa','leaped','leaped')
INSERT INTO INFINITIVES VALUES('learn','jifunza','learnt','learnt')
INSERT INTO INFINITIVES VALUES('learn','jifunza','learned','learned')
INSERT INTO INFINITIVES VALUES('leave','ondoka','left','left')
INSERT INTO INFINITIVES VALUES('lend','azima','lent','lent')
INSERT INTO INFINITIVES VALUES('let','acha','let','let')
INSERT INTO INFINITIVES VALUES('lie','jinyosha','lay','lain')
INSERT INTO INFINITIVES VALUES('like','penda','liked','liked')
INSERT INTO INFINITIVES VALUES('light','washa','lit','lit')
INSERT INTO INFINITIVES VALUES('light','washa','lighted','lighted')
INSERT INTO INFINITIVES VALUES('look at','angalia','looked at','looked at')
INSERT INTO INFINITIVES VALUES('love','penda','loved','loved')
INSERT INTO INFINITIVES VALUES('lose','poteza','lost','lost')
INSERT INTO INFINITIVES VALUES('make','fanya','made','made')
INSERT INTO INFINITIVES VALUES('mean','wa na maana','meant','meant')
INSERT INTO INFINITIVES VALUES('meet','kutana','met','met')
INSERT INTO INFINITIVES VALUES('misunderstand','elewa vibaya','misunderstood','misunderstood')
INSERT INTO INFINITIVES VALUES('mow','kata majani','mowed','mowed')
INSERT INTO INFINITIVES VALUES('mow','kata majani','mowed','mown')
INSERT INTO INFINITIVES VALUES('overtake','kuta','overtook','overtaken')
INSERT INTO INFINITIVES VALUES('overthrow','pindua','overthrew','overthrown')
INSERT INTO INFINITIVES VALUES('pay','lipa','paid','paid')
INSERT INTO INFINITIVES VALUES('place','kuweka','placed','placed')
INSERT INTO INFINITIVES VALUES('play','cheza','played','played')
INSERT INTO INFINITIVES VALUES('prove','hakikisha','proved','proved')
INSERT INTO INFINITIVES VALUES('prove','hakikisha','proved','proven')
INSERT INTO INFINITIVES VALUES('put','tia','put','put')
INSERT INTO INFINITIVES VALUES('quit','acha','quit','quit')
INSERT INTO INFINITIVES VALUES('quit','acha','quitted','quitted')
INSERT INTO INFINITIVES VALUES('read','soma','read','read')
INSERT INTO INFINITIVES VALUES('rend','tatua','rent','rent')
INSERT INTO INFINITIVES VALUES('rid','tupa','rid','rid')
INSERT INTO INFINITIVES VALUES('ride','panda','rode','ridden')
INSERT INTO INFINITIVES VALUES('ring','piga kengele','rang','rung')
INSERT INTO INFINITIVES VALUES('rise','inuka','rose','risen')
INSERT INTO INFINITIVES VALUES('run','kimbia','ran','run')
INSERT INTO INFINITIVES VALUES('saw','kata kwa msumeno','sawed','sawn')
INSERT INTO INFINITIVES VALUES('saw','kata kwa msumeno','sawed','sawed')
INSERT INTO INFINITIVES VALUES('say','sema','said','said')
INSERT INTO INFINITIVES VALUES('see','ona','saw','seen')
INSERT INTO INFINITIVES VALUES('seek','tafuta','sought','sought')
INSERT INTO INFINITIVES VALUES('sell','uza','sold','sold')
INSERT INTO INFINITIVES VALUES('send','peleka','sent','sent')
INSERT INTO INFINITIVES VALUES('set','weka','set','set')
INSERT INTO INFINITIVES VALUES('sew','shona','sewed','sewn')
INSERT INTO INFINITIVES VALUES('sew','shona','sewed','sewed')
INSERT INTO INFINITIVES VALUES('shake','tikisa','shook','shaken')
INSERT INTO INFINITIVES VALUES('shed','toa','shed','shed')
INSERT INTO INFINITIVES VALUES('shear','nyoa','sheared','shorn')
INSERT INTO INFINITIVES VALUES('shear','nyoa','sheared','sheared')
INSERT INTO INFINITIVES VALUES('shine','ng''aa','shone','shone')
INSERT INTO INFINITIVES VALUES('shoot','piga bunduki','shot','shot')
INSERT INTO INFINITIVES VALUES('show','onyesha','showed','shown')
INSERT INTO INFINITIVES VALUES('show','onyesha','showed','showed')
INSERT INTO INFINITIVES VALUES('shrink','nyonyea','shrank','shrunk')
INSERT INTO INFINITIVES VALUES('shrink','nyonyea','shrunk','shrunk')
INSERT INTO INFINITIVES VALUES('shut','funga','shut','shut')
INSERT INTO INFINITIVES VALUES('sing','imba','sang','sung')
INSERT INTO INFINITIVES VALUES('sink','zama','sank','sunk')
INSERT INTO INFINITIVES VALUES('sit','kaa','sat','sat')
INSERT INTO INFINITIVES VALUES('sleep','lala usingizi','slept','slept')
INSERT INTO INFINITIVES VALUES('slide','nyiririka','slit','slit')
INSERT INTO INFINITIVES VALUES('sling','rusha','slung','slung')
INSERT INTO INFINITIVES VALUES('slit','pasua','slit','slit')
INSERT INTO INFINITIVES VALUES('smell','nusa','smelt','smelt')
INSERT INTO INFINITIVES VALUES('smell','nusa','smelled','smelled')
INSERT INTO INFINITIVES VALUES('sow','weka mbegu','sowed','sowed')
INSERT INTO INFINITIVES VALUES('sow','weka mbegu','sowed','sown')
INSERT INTO INFINITIVES VALUES('speak','sema','spoke','spoken')
INSERT INTO INFINITIVES VALUES('speak','ongea','spoke','spoken')
INSERT INTO INFINITIVES VALUES('speed','harakisha','sped','speeded')
INSERT INTO INFINITIVES VALUES('speed','harakisha','speeded','sped')
INSERT INTO INFINITIVES VALUES('spell','endeleza herufi','spelt','spelt')
INSERT INTO INFINITIVES VALUES('spell','endeleza herufi','spelled','spelled')
INSERT INTO INFINITIVES VALUES('spend','tumia','spent','spent')
INSERT INTO INFINITIVES VALUES('spill','mwaga','spilt','spilt')
INSERT INTO INFINITIVES VALUES('spill','mwaga','spilled','spilled')
INSERT INTO INFINITIVES VALUES('spin','zunguka','spun','spun')
INSERT INTO INFINITIVES VALUES('spit','tema','spat','spat')
INSERT INTO INFINITIVES VALUES('spit','tema','spit','spit')
INSERT INTO INFINITIVES VALUES('split','pasua','split','split')
INSERT INTO INFINITIVES VALUES('spoil','haribu','spoilt','spoilt')
INSERT INTO INFINITIVES VALUES('spoil','haribu','spoiled','spoiled')
INSERT INTO INFINITIVES VALUES('spread','eneza','spread','spread')
INSERT INTO INFINITIVES VALUES('spring','ruka','sprang','sprung')
INSERT INTO INFINITIVES VALUES('stand','simama','stood','stood')
INSERT INTO INFINITIVES VALUES('steal','iba','stole','stolen')
INSERT INTO INFINITIVES VALUES('stick','ganda','stuck','stuck')
INSERT INTO INFINITIVES VALUES('sting','uma','stung','stung')
INSERT INTO INFINITIVES VALUES('stink','nuka','stank','stunk')
INSERT INTO INFINITIVES VALUES('stink','nuka','stunk','stunk')
INSERT INTO INFINITIVES VALUES('study','soma','studied','studied')
INSERT INTO INFINITIVES VALUES('strike','piga','struck','struck')
INSERT INTO INFINITIVES VALUES('strive','jitahidi','strove','striven')
INSERT INTO INFINITIVES VALUES('swear','apa','swore','sworn')
INSERT INTO INFINITIVES VALUES('sweep','fagia','swept','swept')
INSERT INTO INFINITIVES VALUES('swell','vimba','swelled','swollen')
INSERT INTO INFINITIVES VALUES('swell','vimba','swelled','swelled')
INSERT INTO INFINITIVES VALUES('swim','ogolea','swam','swum')
INSERT INTO INFINITIVES VALUES('swing','pembea','swung','swung')
INSERT INTO INFINITIVES VALUES('take','chukua','took','taken')
INSERT INTO INFINITIVES VALUES('teach','fundisha','taught','taught')
INSERT INTO INFINITIVES VALUES('tear','chana','tore','torn')
INSERT INTO INFINITIVES VALUES('tell','nena','told','told')
INSERT INTO INFINITIVES VALUES('think','fikiri','thought','thought')
INSERT INTO INFINITIVES VALUES('thrive','sitawi','thrived','thrived')
INSERT INTO INFINITIVES VALUES('thrive','sitawi','throve','thrived')
INSERT INTO INFINITIVES VALUES('throw','tupa','threw','thrown')
INSERT INTO INFINITIVES VALUES('thrust','sukuma','thrust','thrust')
INSERT INTO INFINITIVES VALUES('tread','kanyata','trod','trodden')
INSERT INTO INFINITIVES VALUES('tread','kanyata','trod','trod')
INSERT INTO INFINITIVES VALUES('undergo','tangua','underwent','undergone')
INSERT INTO INFINITIVES VALUES('understand','fahamu','understood','understood')
INSERT INTO INFINITIVES VALUES('undertake','diriki','undertook','undertaken')
INSERT INTO INFINITIVES VALUES('undo','tangua','undid','undone')
INSERT INTO INFINITIVES VALUES('wake','amka','woke','woken')
INSERT INTO INFINITIVES VALUES('wake','amka','waked','waked')
INSERT INTO INFINITIVES VALUES('wait','ngoja','waited','waited')
INSERT INTO INFINITIVES VALUES('wash','fua','washed','washed')
INSERT INTO INFINITIVES VALUES('wear','vaa','wore','worn')
INSERT INTO INFINITIVES VALUES('weave','fuma','wove','woven')
INSERT INTO INFINITIVES VALUES('weep','lia','wept','wept')
INSERT INTO INFINITIVES VALUES('wet','rowesha','wet','wet')
INSERT INTO INFINITIVES VALUES('wet','rowesha','wetted','wetted')
INSERT INTO INFINITIVES VALUES('win','shinda','won','won')
INSERT INTO INFINITIVES VALUES('wind','zungusha','wound','wound')
INSERT INTO INFINITIVES VALUES('wring','kamua','wrung','wrung')
INSERT INTO INFINITIVES VALUES('write','andika','wrote','written')
INSERT INTO INTERROGATIVES VALUES('when','lini')
INSERT INTO INTERROGATIVES VALUES('what','nini')
INSERT INTO INTERROGATIVES VALUES('what','gani')
INSERT INTO INTERROGATIVES VALUES('where','wapi')
INSERT INTO INTERROGATIVES VALUES('which','gani')
INSERT INTO INTERROGATIVES VALUES('how many','ngapi')
INSERT INTO INTERROGATIVES VALUES('why','kwa nini')
INSERT INTO NOUNS VALUES('child','mtoto',1)
INSERT INTO NOUNS VALUES('children','watoto',2)
INSERT INTO NOUNS VALUES('visitor','mgeni',1)
INSERT INTO NOUNS VALUES('visitors','wageni',2)
INSERT INTO NOUNS VALUES('French person','mfaransa',1)
INSERT INTO NOUNS VALUES('French people','wafaransa',2)
INSERT INTO NOUNS VALUES('uncle','mjomba',1)
INSERT INTO NOUNS VALUES('uncle','wajomba',2)
INSERT INTO NOUNS VALUES('wife','mke',1)
INSERT INTO NOUNS VALUES('wives','wake',2)
INSERT INTO NOUNS VALUES('farmer','mkulima',1)
INSERT INTO NOUNS VALUES('farmers','wakulima',2)
INSERT INTO NOUNS VALUES('cook','mpishi',1)
INSERT INTO NOUNS VALUES('cooks','wapishi',2)
INSERT INTO NOUNS VALUES('girl','msichana',1)
INSERT INTO NOUNS VALUES('girls','wasichana',2)
INSERT INTO NOUNS VALUES('person','mtu',1)
INSERT INTO NOUNS VALUES('people','watu',2)
INSERT INTO NOUNS VALUES('husband','mume',1)
INSERT INTO NOUNS VALUES('husbands','waume',2)
INSERT INTO NOUNS VALUES('boy','mvulana',1)
INSERT INTO NOUNS VALUES('boys','wavulana',2)
INSERT INTO NOUNS VALUES('elder','mzee',1)
INSERT INTO NOUNS VALUES('elders','wazee',2)
INSERT INTO NOUNS VALUES('white man','mzungu',1)
INSERT INTO NOUNS VALUES('white men','wazungu',2)
INSERT INTO NOUNS VALUES('German person','mjerumani',1)
INSERT INTO NOUNS VALUES('German people','wajerumani',2)
INSERT INTO NOUNS VALUES('man','mwanamume',1)
INSERT INTO NOUNS VALUES('men','wanaume',2)
INSERT INTO NOUNS VALUES('woman','mwanamke',1)
INSERT INTO NOUNS VALUES('women','wanawake',2)
INSERT INTO NOUNS VALUES('teacher','mwalimu',1)
INSERT INTO NOUNS VALUES('teachers','walimu',2)
INSERT INTO NOUNS VALUES('student','mwanafunzi',1)
INSERT INTO NOUNS VALUES('students','wanafunzi',2)
INSERT INTO NOUNS VALUES('African person','mwafrika',1)
INSERT INTO NOUNS VALUES('African people','waafrika',2)
INSERT INTO NOUNS VALUES('father','baba',1)
INSERT INTO NOUNS VALUES('fathers','baba',2)
INSERT INTO NOUNS VALUES('grandfather','babu',1)
INSERT INTO NOUNS VALUES('grandfathers','babu',2)
INSERT INTO NOUNS VALUES('sister','dada',1)
INSERT INTO NOUNS VALUES('sisters','dada',2)
INSERT INTO NOUNS VALUES('brother','kaka',1)
INSERT INTO NOUNS VALUES('brothers','kaka',2)
INSERT INTO NOUNS VALUES('mother','mama',1)
INSERT INTO NOUNS VALUES('mothers','mama',2)
INSERT INTO NOUNS VALUES('grandmother','nyanya',1)
INSERT INTO NOUNS VALUES('grandmothers','nyanya',2)
INSERT INTO NOUNS VALUES('friend','rafiki',1)
INSERT INTO NOUNS VALUES('friends','rafiki',2)
INSERT INTO NOUNS VALUES('aunt','shangazi',1)
INSERT INTO NOUNS VALUES('aunts','shangazi',2)
INSERT INTO NOUNS VALUES('blind person','kipofu',1)
INSERT INTO NOUNS VALUES('blind people','vipofu',2)
INSERT INTO NOUNS VALUES('deaf person','kiziwi',1)
INSERT INTO NOUNS VALUES('deaf people','viziwi',2)
INSERT INTO NOUNS VALUES('dog','mbwa',1)
INSERT INTO NOUNS VALUES('dogs','mbwa',2)
INSERT INTO NOUNS VALUES('cat','paka',1)
INSERT INTO NOUNS VALUES('cats','paka',2)
INSERT INTO NOUNS VALUES('cow','ng''ombe',1)
INSERT INTO NOUNS VALUES('cows','ng''ombe',2)
INSERT INTO NOUNS VALUES('lion','simba',1)
INSERT INTO NOUNS VALUES('lions','simba',2)
INSERT INTO NOUNS VALUES('elephant','ndovu',1)
INSERT INTO NOUNS VALUES('elephants','ndovu',2)
INSERT INTO NOUNS VALUES('hen','kuku',1)
INSERT INTO NOUNS VALUES('hens','kuku',2)
INSERT INTO NOUNS VALUES('parrot','kasuku',1)
INSERT INTO NOUNS VALUES('parrots','kasuku',2)
INSERT INTO NOUNS VALUES('eagle','tai',1)
INSERT INTO NOUNS VALUES('eagles','tai',2)
INSERT INTO NOUNS VALUES('bee','nyuki',1)
INSERT INTO NOUNS VALUES('bees','nyuki',2)
INSERT INTO NOUNS VALUES('mosquito','mbu',1)
INSERT INTO NOUNS VALUES('mosquitoes','mbu',2)
INSERT INTO NOUNS VALUES('fly','nzi',1)
INSERT INTO NOUNS VALUES('flies','nzi',2)
INSERT INTO NOUNS VALUES('tilapia','ngege',1)
INSERT INTO NOUNS VALUES('tilapia','ngege',2)
INSERT INTO NOUNS VALUES('shark','papa',1)
INSERT INTO NOUNS VALUES('sharks','papa',2)
INSERT INTO NOUNS VALUES('chair','kiti',7)
INSERT INTO NOUNS VALUES('chairs','viti',8)
INSERT INTO NOUNS VALUES('book','kitabu',7)
INSERT INTO NOUNS VALUES('books','vitabu',8)
INSERT INTO NOUNS VALUES('shoe','kiatu',7)
INSERT INTO NOUNS VALUES('shoes','viatu',8)
INSERT INTO NOUNS VALUES('knife','kisu',7)
INSERT INTO NOUNS VALUES('knives','visu',8)
INSERT INTO NOUNS VALUES('cup','kikombe',7)
INSERT INTO NOUNS VALUES('cups','vikombe',8)
INSERT INTO NOUNS VALUES('hill','kilima',7)
INSERT INTO NOUNS VALUES('hills','vilima',8)
INSERT INTO NOUNS VALUES('island','kisiwa',7)
INSERT INTO NOUNS VALUES('islands','visiwa',8)
INSERT INTO NOUNS VALUES('potato','kiazi',7)
INSERT INTO NOUNS VALUES('potatoes','viazi',8)
INSERT INTO NOUNS VALUES('onion','kitunguu',7)
INSERT INTO NOUNS VALUES('onions','vitunguu',8)
INSERT INTO NOUNS VALUES('thing','kitu',7)
INSERT INTO NOUNS VALUES('things','vitu',8)
INSERT INTO NOUNS VALUES('bed','kitanda',7)
INSERT INTO NOUNS VALUES('beds','vitanda',8)
INSERT INTO NOUNS VALUES('mirror','kioo',7)
INSERT INTO NOUNS VALUES('mirrors','vyoo',8)
INSERT INTO NOUNS VALUES('match','kiberiti',7)
INSERT INTO NOUNS VALUES('matches','viberiti',8)
INSERT INTO NOUNS VALUES('school','chuo',7)
INSERT INTO NOUNS VALUES('schools','vyuo',8)
INSERT INTO NOUNS VALUES('college','chuo',7)
INSERT INTO NOUNS VALUES('colleges','vyuo',8)
INSERT INTO NOUNS VALUES('restroom','choo',7)
INSERT INTO NOUNS VALUES('restrooms','vyoo',8)
INSERT INTO NOUNS VALUES('food','chakula',7)
INSERT INTO NOUNS VALUES('foods','vyakula',8)
INSERT INTO NOUNS VALUES('room','chumba',7)
INSERT INTO NOUNS VALUES('rooms','vyumba',8)
INSERT INTO NOUNS VALUES('certificate','cheti',7)
INSERT INTO NOUNS VALUES('certificates','vyeti',8)
INSERT INTO NOUNS VALUES('party','chama',7)
INSERT INTO NOUNS VALUES('parties','vyama',8)
INSERT INTO NOUNS VALUES('association','chama',7)
INSERT INTO NOUNS VALUES('associations','vyama',8)
INSERT INTO NOUNS VALUES('iron','chuma',7)
INSERT INTO NOUNS VALUES('irons','vyuma',8)
INSERT INTO NOUNS VALUES('container','chombo',7)
INSERT INTO NOUNS VALUES('containers','vyombo',8)
INSERT INTO NOUNS VALUES('utensil','chombo',7)
INSERT INTO NOUNS VALUES('utensils','vyombo',8)
INSERT INTO NOUNS VALUES('rank','cheo',7)
INSERT INTO NOUNS VALUES('ranks','vyeo',8)
INSERT INTO NOUNS VALUES('head','kichwa',7)
INSERT INTO NOUNS VALUES('heads','vichwa',8)
INSERT INTO NOUNS VALUES('waist','kiuno',7)
INSERT INTO NOUNS VALUES('waists','viuno',8)
INSERT INTO NOUNS VALUES('chest','kifua',7)
INSERT INTO NOUNS VALUES('chests','vifua',8)
INSERT INTO NOUNS VALUES('finger','kidole',7)
INSERT INTO NOUNS VALUES('fingers','vidole',8)
INSERT INTO NOUNS VALUES('tree','mti',3)
INSERT INTO NOUNS VALUES('trees','miti',4)
INSERT INTO NOUNS VALUES('coconut tree','mnazi',3)
INSERT INTO NOUNS VALUES('coconut trees','minazi',4)
INSERT INTO NOUNS VALUES('orange tree','mchungwa',3)
INSERT INTO NOUNS VALUES('orange trees','michungwa',4)
INSERT INTO NOUNS VALUES('mango tree','mwembe',3)
INSERT INTO NOUNS VALUES('mango trees','miembe',4)
INSERT INTO NOUNS VALUES('apple tree','mtofaa',3)
INSERT INTO NOUNS VALUES('apple trees','mitofaa',4)
INSERT INTO NOUNS VALUES('papaya tree','mpapai',3)
INSERT INTO NOUNS VALUES('papaya trees','mipapai',4)
INSERT INTO NOUNS VALUES('lime tree','mndimu',3)
INSERT INTO NOUNS VALUES('lime trees','mindimu',4)
INSERT INTO NOUNS VALUES('guava tree','mpera',3)
INSERT INTO NOUNS VALUES('guava trees','mipera',4)
INSERT INTO NOUNS VALUES('banana tree','mgomba',3)
INSERT INTO NOUNS VALUES('banana trees','migomba',4)
INSERT INTO NOUNS VALUES('example','mfano',3)
INSERT INTO NOUNS VALUES('examples','mifano',4)
INSERT INTO NOUNS VALUES('city','mji',3)
INSERT INTO NOUNS VALUES('cities','miji',4)
INSERT INTO NOUNS VALUES('bag','mkoba',3)
INSERT INTO NOUNS VALUES('bags','mikoba',4)
INSERT INTO NOUNS VALUES('bag','mfuko',3)
INSERT INTO NOUNS VALUES('bags','mifuko',4)
INSERT INTO NOUNS VALUES('door','mlango',3)
INSERT INTO NOUNS VALUES('doors','milango',4)
INSERT INTO NOUNS VALUES('exam','mtihani',3)
INSERT INTO NOUNS VALUES('exams','mitihani',4)
INSERT INTO NOUNS VALUES('test','mjarabu',3)
INSERT INTO NOUNS VALUES('tests','mijarabu',4)
INSERT INTO NOUNS VALUES('mountain','mlima',3)
INSERT INTO NOUNS VALUES('mountains','milima',4)
INSERT INTO NOUNS VALUES('ball','mpira',3)
INSERT INTO NOUNS VALUES('balls','mipira',4)
INSERT INTO NOUNS VALUES('bread','mkate',3)
INSERT INTO NOUNS VALUES('breads','mikate',4)
INSERT INTO NOUNS VALUES('river','mto',3)
INSERT INTO NOUNS VALUES('rivers','mito',4)
INSERT INTO NOUNS VALUES('god','mungu',3)
INSERT INTO NOUNS VALUES('gods','miungu',4)
INSERT INTO NOUNS VALUES('game','mchezo',3)
INSERT INTO NOUNS VALUES('games','michezo',4)
INSERT INTO NOUNS VALUES('fire','moto',3)
INSERT INTO NOUNS VALUES('fires','mioto',4)
INSERT INTO NOUNS VALUES('mosque','mskiti',3)
INSERT INTO NOUNS VALUES('mosques','misikiti',4)
INSERT INTO NOUNS VALUES('forest','msitu',3)
INSERT INTO NOUNS VALUES('forests','misitu',4)
INSERT INTO NOUNS VALUES('toothbrush','mswaki',3)
INSERT INTO NOUNS VALUES('toothbrushes','miswaki',4)
INSERT INTO NOUNS VALUES('river','mto',3)
INSERT INTO NOUNS VALUES('rivers','mito',4)
INSERT INTO NOUNS VALUES('mouth','mdomo',3)
INSERT INTO NOUNS VALUES('mouths','midomo',4)
INSERT INTO NOUNS VALUES('hand','mkono',3)
INSERT INTO NOUNS VALUES('hands','mikono',4)
INSERT INTO NOUNS VALUES('leg','mguu',3)
INSERT INTO NOUNS VALUES('legs','miguu',4)
INSERT INTO NOUNS VALUES('bone','mfupa',3)
INSERT INTO NOUNS VALUES('bones','mifupa',4)
INSERT INTO NOUNS VALUES('back','mgongo',3)
INSERT INTO NOUNS VALUES('backs','migongo',4)
INSERT INTO NOUNS VALUES('heart','moyo',3)
INSERT INTO NOUNS VALUES('hearts','mioyo',4)
INSERT INTO NOUNS VALUES('body','mwili',3)
INSERT INTO NOUNS VALUES('bodies','miili',4)
INSERT INTO NOUNS VALUES('year','mwaka',3)
INSERT INTO NOUNS VALUES('years','miaka',4)
INSERT INTO NOUNS VALUES('umbrella','mwavuli',3)
INSERT INTO NOUNS VALUES('umbrellas','miavuli',4)
INSERT INTO NOUNS VALUES('month','mwezi',3)
INSERT INTO NOUNS VALUES('months','miezi',4)
INSERT INTO NOUNS VALUES('thorn','mwiba',3)
INSERT INTO NOUNS VALUES('thorns','miiba',4)
INSERT INTO NOUNS VALUES('end','mwisho',3)
INSERT INTO NOUNS VALUES('ends','miisho',4)
INSERT INTO NOUNS VALUES('corn','muhindi',3)
INSERT INTO NOUNS VALUES('corn','mihindi',4)
INSERT INTO NOUNS VALUES('cassava','muhogo',3)
INSERT INTO NOUNS VALUES('cassavas','mihogo',4)
INSERT INTO NOUNS VALUES('sugarcane','muwa',3)
INSERT INTO NOUNS VALUES('sugarcane','miwa',4)
INSERT INTO NOUNS VALUES('blanket','blanketi',5)
INSERT INTO NOUNS VALUES('blankets','mablanketi',6)
INSERT INTO NOUNS VALUES('window','dirisha',5)
INSERT INTO NOUNS VALUES('windows','madirisha',6)
INSERT INTO NOUNS VALUES('car','gari',5)
INSERT INTO NOUNS VALUES('cars','magari',6)
INSERT INTO NOUNS VALUES('newspaper','gazeti',5)
INSERT INTO NOUNS VALUES('newspapers','magazeti',6)
INSERT INTO NOUNS VALUES('mattress','godoro',5)
INSERT INTO NOUNS VALUES('mattresses','magodoro',6)
INSERT INTO NOUNS VALUES('box','sanduku',5)
INSERT INTO NOUNS VALUES('boxes','masanduku',6)
INSERT INTO NOUNS VALUES('gas cooker','jiko',5)
INSERT INTO NOUNS VALUES('gas cookers','meko',6)
INSERT INTO NOUNS VALUES('veranda','baraza',5)
INSERT INTO NOUNS VALUES('verandas','mabaraza',6)
INSERT INTO NOUNS VALUES('bridge','daraja',5)
INSERT INTO NOUNS VALUES('bridges','madaraja',6)
INSERT INTO NOUNS VALUES('shop','duka',5)
INSERT INTO NOUNS VALUES('shops','maduka',6)
INSERT INTO NOUNS VALUES('farm','shamba',5)
INSERT INTO NOUNS VALUES('farms','mashamba',6)
INSERT INTO NOUNS VALUES('market','soko',5)
INSERT INTO NOUNS VALUES('markets','masoko',6)
INSERT INTO NOUNS VALUES('lake','ziwa',5)
INSERT INTO NOUNS VALUES('lakes','maziwa',6)
INSERT INTO NOUNS VALUES('state','jimbo',5)
INSERT INTO NOUNS VALUES('states','majimbo',6)
INSERT INTO NOUNS VALUES('name','jina',5)
INSERT INTO NOUNS VALUES('names','majina',6)
INSERT INTO NOUNS VALUES('mistake','kosa',5)
INSERT INTO NOUNS VALUES('mistakes','makosa',6)
INSERT INTO NOUNS VALUES('word','neno',5)
INSERT INTO NOUNS VALUES('words','maneno',6)
INSERT INTO NOUNS VALUES('issue','jambo',5)
INSERT INTO NOUNS VALUES('issues','mambo',6)
INSERT INTO NOUNS VALUES('stone','jiwe',5)
INSERT INTO NOUNS VALUES('stones','mawe',6)
INSERT INTO NOUNS VALUES('subject','somo',5)
INSERT INTO NOUNS VALUES('subjects','masomo',6)
INSERT INTO NOUNS VALUES('lesson','somo',5)
INSERT INTO NOUNS VALUES('lessons','masomo',6)
INSERT INTO NOUNS VALUES('thought','wazo',5)
INSERT INTO NOUNS VALUES('thoughts','mawazo',6)
INSERT INTO NOUNS VALUES('answer','jibu',5)
INSERT INTO NOUNS VALUES('answers','majibu',6)
INSERT INTO NOUNS VALUES('question','swali',5)
INSERT INTO NOUNS VALUES('questions','maswali',6)
INSERT INTO NOUNS VALUES('responsibility','jukumu',5)
INSERT INTO NOUNS VALUES('responsibilities','majukumu',6)
INSERT INTO NOUNS VALUES('week','juma',5)
INSERT INTO NOUNS VALUES('weeks','majuma',6)
INSERT INTO NOUNS VALUES('eye','jicho',5)
INSERT INTO NOUNS VALUES('eyes','macho',6)
INSERT INTO NOUNS VALUES('tooth','jino',5)
INSERT INTO NOUNS VALUES('teeth','meno',6)
INSERT INTO NOUNS VALUES('shoulder','bega',5)
INSERT INTO NOUNS VALUES('shoulders','mabega',6)
INSERT INTO NOUNS VALUES('knee','goti',5)
INSERT INTO NOUNS VALUES('knees','magoti',6)
INSERT INTO NOUNS VALUES('ear','sikio',5)
INSERT INTO NOUNS VALUES('ears','masikio',6)
INSERT INTO NOUNS VALUES('stomach','tumbo',5)
INSERT INTO NOUNS VALUES('bowels','matumbo',6)
INSERT INTO NOUNS VALUES('thigh','paja',5)
INSERT INTO NOUNS VALUES('thighs','mapaja',6)
INSERT INTO NOUNS VALUES('orange','chungwa',5)
INSERT INTO NOUNS VALUES('oranges','machungwa',6)
INSERT INTO NOUNS VALUES('mango','embe',5)
INSERT INTO NOUNS VALUES('mangoes','maembe',6)
INSERT INTO NOUNS VALUES('lemon','limau',5)
INSERT INTO NOUNS VALUES('lemons','malimau',6)
INSERT INTO NOUNS VALUES('pineapple','nanasi',5)
INSERT INTO NOUNS VALUES('pineapples','mananasi',6)
INSERT INTO NOUNS VALUES('pawpaw','papai',5)
INSERT INTO NOUNS VALUES('pawpaws','mapapai',6)
INSERT INTO NOUNS VALUES('coconut','dafu',5)
INSERT INTO NOUNS VALUES('coconuts','madafu',6)
INSERT INTO NOUNS VALUES('apple','tofaa',5)
INSERT INTO NOUNS VALUES('apples','matofaa',6)
INSERT INTO NOUNS VALUES('leaf','jani',5)
INSERT INTO NOUNS VALUES('leaves','majani',6)
INSERT INTO NOUNS VALUES('egg','yai',5)
INSERT INTO NOUNS VALUES('eggs','mayai',6)
INSERT INTO NOUNS VALUES('dress','rinda',5)
INSERT INTO NOUNS VALUES('dresses','marinda',6)
INSERT INTO NOUNS VALUES('water','maji',6)
INSERT INTO NOUNS VALUES('oil','mafuta',6)
INSERT INTO NOUNS VALUES('beans','maharagwe',6)
INSERT INTO NOUNS VALUES('corn','mahindi',6)
INSERT INTO NOUNS VALUES('wealth','mali',6)
INSERT INTO NOUNS VALUES('misfortune','maafa',6)
INSERT INTO NOUNS VALUES('problems','matata',6)
INSERT INTO POSSESSIVES VALUES('my','angu')
INSERT INTO POSSESSIVES VALUES('our','etu')
INSERT INTO POSSESSIVES VALUES('your','ako')
INSERT INTO POSSESSIVES VALUES('your','enu')
INSERT INTO POSSESSIVES VALUES('his','ake')
INSERT INTO POSSESSIVES VALUES('her','ake')
INSERT INTO POSSESSIVES VALUES('their','ao')
INSERT INTO PRONOUNS VALUES('it','',15)
INSERT INTO PRONOUNS VALUES('i','mimi',1)
INSERT INTO PRONOUNS VALUES('me','mimi',1)
INSERT INTO PRONOUNS VALUES('you','wewe',1)
INSERT INTO PRONOUNS VALUES('he','yeye',1)
INSERT INTO PRONOUNS VALUES('she','yeye',1)
INSERT INTO PRONOUNS VALUES('we','sisi',2)
INSERT INTO PRONOUNS VALUES('we all','sisi',2)
INSERT INTO PRONOUNS VALUES('you all','nyinyi',2)
INSERT INTO PRONOUNS VALUES('they','wao',2)
INSERT INTO PRONOUNS VALUES('they all','wao',2)
INSERT INTO PRONOUNS VALUES('them','wao',2)
INSERT INTO RELATIVECONNECTORS VALUES('that','amba%r')
INSERT INTO RELATIVECONNECTORS VALUES('which','amba%r')
INSERT INTO RELATIVECONNECTORS VALUES('who','amba%r')
INSERT INTO TENSEMARKERS VALUES('am','PR')
INSERT INTO TENSEMARKERS VALUES('is','PR')
INSERT INTO TENSEMARKERS VALUES('are','PR')
INSERT INTO TENSEMARKERS VALUES('does','PR')
INSERT INTO TENSEMARKERS VALUES('will','F')
INSERT INTO TENSEMARKERS VALUES('shall','F')
INSERT INTO TENSEMARKERS VALUES('going to','F')
INSERT INTO TENSEMARKERS VALUES('is to','F')
INSERT INTO TENSEMARKERS VALUES('did','PS')
INSERT INTO TENSEMARKERS VALUES('did not','NPS')
INSERT INTO TENSEMARKERS VALUES('have','PP')
INSERT INTO TENSEMARKERS VALUES('has','PP')
INSERT INTO TENSEMARKERS VALUES('had','PP')
INSERT INTO TENSEMARKERS VALUES('have not','NPP')
INSERT INTO TENSEMARKERS VALUES('has not','NPP')
INSERT INTO TENSEMARKERS VALUES('had not','NPP')
INSERT INTO TENSEMARKERS VALUES('may','S')
INSERT INTO TENSEMARKERS VALUES('might','S')
INSERT INTO VERBPREFIXES VALUES('PR','%mna','')
INSERT INTO VERBPREFIXES VALUES('NPR','%n','i')
INSERT INTO VERBPREFIXES VALUES('PP','%mme','')
INSERT INTO VERBPREFIXES VALUES('NPP','%nja','')
INSERT INTO VERBPREFIXES VALUES('PS','%mli','')
INSERT INTO VERBPREFIXES VALUES('NPS','%nku','')
INSERT INTO VERBPREFIXES VALUES('PI','%m','')
INSERT INTO VERBPREFIXES VALUES('NPI','%n','i')
INSERT INTO VERBPREFIXES VALUES('F','%mta','')
INSERT INTO VERBPREFIXES VALUES('NF','%nta','')
INSERT INTO VERBPREFIXES VALUES('H','hu','')
INSERT INTO VERBPREFIXES VALUES('S','%m','e')
INSERT INTO VERBPREFIXES VALUES('NS','%msi','e')
INSERT INTO VERBPREFIXES VALUES('C','%mki','')
INSERT INTO VERBPREFIXES VALUES('NC','%msipo','')
INSERT INTO VERBPREFIXES VALUES('CF','%mnge','')
INSERT INTO VERBPREFIXES VALUES('NCF','%msinge','')
INSERT INTO VERBPREFIXES VALUES('CP','%mngali','')
INSERT INTO VERBPREFIXES VALUES('NCP','%msingali','')
